W0401 17:56:56.622000 3253090 torch/distributed/run.py:774] 
W0401 17:56:56.622000 3253090 torch/distributed/run.py:774] *****************************************
W0401 17:56:56.622000 3253090 torch/distributed/run.py:774] Setting OMP_NUM_THREADS environment variable for each process to be 1 in default, to avoid your system being overloaded, please further tune the variable for optimal performance in your application as needed. 
W0401 17:56:56.622000 3253090 torch/distributed/run.py:774] *****************************************
logs/executor_2026-03-19_smeargate_orthoinit_muonwd_exact.txt
val_bpb:enabled tokenizer_kind=sentencepiece tokenizer_path=/inspire/hdd/global_user/wanjiaxin-253108030048/code/bag-of-tricks-transformers/parameter-golf/data/tokenizers/fineweb_1024_bpe.model
train_loader:dataset:fineweb10B_sp1024 train_shards:80
val_loader:shards pattern=/inspire/hdd/global_user/wanjiaxin-253108030048/code/bag-of-tricks-transformers/parameter-golf/data/datasets/fineweb10B_sp1024/fineweb_val_*.bin tokens:62021632
model_params:22368840
world_size:8 grad_accum_steps:1
sdp_backends:cudnn=False flash=True mem_efficient=False math=False
attention_mode:gqa num_heads:8 num_kv_heads:4
tie_embeddings:True embed_lr:0.03 head_lr:0.0 matrix_lr:0.02 scalar_lr:0.02
train_batch_tokens:524288 train_seq_len:1024 iterations:20000 warmup_steps:20 max_wallclock_seconds:600.000
seed:1337
warmup_step:1/20
warmup_step:2/20
warmup_step:3/20
warmup_step:4/20
warmup_step:5/20
warmup_step:6/20
warmup_step:7/20
warmup_step:8/20
warmup_step:9/20
warmup_step:10/20
warmup_step:11/20
warmup_step:12/20
warmup_step:13/20
warmup_step:14/20
warmup_step:15/20
warmup_step:16/20
warmup_step:17/20
warmup_step:18/20
warmup_step:19/20
warmup_step:20/20
step:1/20000 train_loss:6.9360 train_time:55ms step_avg:55.43ms
step:2/20000 train_loss:11.9112 train_time:79ms step_avg:39.64ms
step:3/20000 train_loss:6.9872 train_time:129ms step_avg:42.89ms
step:4/20000 train_loss:6.5183 train_time:178ms step_avg:44.53ms
step:5/20000 train_loss:7.0125 train_time:228ms step_avg:45.51ms
step:6/20000 train_loss:7.6330 train_time:277ms step_avg:46.16ms
step:7/20000 train_loss:6.7731 train_time:326ms step_avg:46.62ms
step:8/20000 train_loss:6.4503 train_time:376ms step_avg:46.99ms
step:9/20000 train_loss:6.2311 train_time:425ms step_avg:47.25ms
step:10/20000 train_loss:6.0378 train_time:475ms step_avg:47.53ms
step:200/20000 train_loss:2.8728 train_time:10103ms step_avg:50.52ms
step:400/20000 train_loss:2.3079 train_time:20273ms step_avg:50.68ms
step:600/20000 train_loss:2.5141 train_time:30326ms step_avg:50.54ms
step:800/20000 train_loss:2.2638 train_time:40366ms step_avg:50.46ms
step:1000/20000 train_loss:2.3531 train_time:50468ms step_avg:50.47ms
step:1200/20000 train_loss:2.3760 train_time:60530ms step_avg:50.44ms
step:1400/20000 train_loss:2.4256 train_time:70574ms step_avg:50.41ms
step:1600/20000 train_loss:2.0982 train_time:80686ms step_avg:50.43ms
step:1800/20000 train_loss:2.1943 train_time:90775ms step_avg:50.43ms
step:2000/20000 train_loss:2.2346 train_time:100868ms step_avg:50.43ms
step:2200/20000 train_loss:2.0507 train_time:110892ms step_avg:50.41ms
step:2400/20000 train_loss:2.1694 train_time:121103ms step_avg:50.46ms
step:2600/20000 train_loss:2.3865 train_time:131121ms step_avg:50.43ms
step:2800/20000 train_loss:2.2053 train_time:141191ms step_avg:50.43ms
step:3000/20000 train_loss:2.1961 train_time:151287ms step_avg:50.43ms
step:3200/20000 train_loss:2.1567 train_time:161365ms step_avg:50.43ms
step:3400/20000 train_loss:2.1337 train_time:171419ms step_avg:50.42ms
step:3600/20000 train_loss:2.0859 train_time:181501ms step_avg:50.42ms
step:3800/20000 train_loss:2.1895 train_time:191728ms step_avg:50.45ms
step:4000/20000 train_loss:2.1320 train_time:201772ms step_avg:50.44ms
step:4200/20000 train_loss:2.1435 train_time:211989ms step_avg:50.47ms
step:4400/20000 train_loss:2.0766 train_time:222119ms step_avg:50.48ms
step:4600/20000 train_loss:1.9306 train_time:232175ms step_avg:50.47ms
step:4800/20000 train_loss:2.2292 train_time:242216ms step_avg:50.46ms
step:5000/20000 train_loss:1.9972 train_time:252306ms step_avg:50.46ms
step:5200/20000 train_loss:2.1396 train_time:262375ms step_avg:50.46ms
step:5400/20000 train_loss:2.1561 train_time:272432ms step_avg:50.45ms
step:5600/20000 train_loss:2.1489 train_time:282530ms step_avg:50.45ms
step:5800/20000 train_loss:2.1096 train_time:292601ms step_avg:50.45ms
step:6000/20000 train_loss:2.1879 train_time:302664ms step_avg:50.44ms
step:6200/20000 train_loss:2.0553 train_time:312700ms step_avg:50.44ms
step:6400/20000 train_loss:2.1302 train_time:322719ms step_avg:50.42ms
step:6600/20000 train_loss:2.0891 train_time:332815ms step_avg:50.43ms
step:6800/20000 train_loss:2.1638 train_time:342903ms step_avg:50.43ms
step:7000/20000 train_loss:2.1909 train_time:352951ms step_avg:50.42ms
step:7200/20000 train_loss:2.1625 train_time:363032ms step_avg:50.42ms
step:7400/20000 train_loss:2.0871 train_time:373062ms step_avg:50.41ms
step:7600/20000 train_loss:1.9672 train_time:383131ms step_avg:50.41ms
step:7800/20000 train_loss:2.1176 train_time:393247ms step_avg:50.42ms
step:8000/20000 train_loss:2.0855 train_time:403263ms step_avg:50.41ms
step:8200/20000 train_loss:2.1582 train_time:413281ms step_avg:50.40ms
step:8400/20000 train_loss:2.0995 train_time:423516ms step_avg:50.42ms
step:8600/20000 train_loss:2.1100 train_time:433553ms step_avg:50.41ms
step:8800/20000 train_loss:2.0712 train_time:443559ms step_avg:50.40ms
step:9000/20000 train_loss:1.9938 train_time:453639ms step_avg:50.40ms
step:9200/20000 train_loss:2.0517 train_time:463685ms step_avg:50.40ms
step:9400/20000 train_loss:2.0932 train_time:473735ms step_avg:50.40ms
step:9600/20000 train_loss:2.1052 train_time:483757ms step_avg:50.39ms
step:9800/20000 train_loss:2.0248 train_time:493802ms step_avg:50.39ms
step:10000/20000 train_loss:2.0637 train_time:503849ms step_avg:50.38ms
step:10200/20000 train_loss:2.0125 train_time:513987ms step_avg:50.39ms
step:10400/20000 train_loss:2.0385 train_time:524040ms step_avg:50.39ms
step:10600/20000 train_loss:1.9176 train_time:534081ms step_avg:50.38ms
step:10800/20000 train_loss:2.1214 train_time:544135ms step_avg:50.38ms
step:11000/20000 train_loss:2.0379 train_time:554230ms step_avg:50.38ms
step:11200/20000 train_loss:1.9950 train_time:564283ms step_avg:50.38ms
step:11400/20000 train_loss:1.9731 train_time:574325ms step_avg:50.38ms
step:11600/20000 train_loss:1.9740 train_time:584368ms step_avg:50.38ms
step:11800/20000 train_loss:2.0032 train_time:594451ms step_avg:50.38ms
step:11909/20000 val_loss:2.0083 val_bpb:1.1894 train_time:600026ms step_avg:50.38ms
stopping_early: wallclock_cap train_time:600026ms step:11909/20000
peak memory allocated: 11406 MiB reserved: 11502 MiB
Serialized model: 87413210 bytes
Code size: 61629 bytes
Total submission size: 87474839 bytes
Serialized model int6+zstd-22: 15844688 bytes (payload:23609632 raw_torch:23655445 payload_ratio:3.70x)
Total submission size int6+zstd-22: 15906317 bytes
final_int6_roundtrip val_loss:2.0077 val_bpb:1.1891 eval_time:1541ms
final_int6_roundtrip_exact val_loss:2.00773671 val_bpb:1.18909477
  sw_eval batch 100/3786
  sw_eval batch 200/3786
  sw_eval batch 300/3786
  sw_eval batch 400/3786
  sw_eval batch 500/3786
  sw_eval batch 600/3786
  sw_eval batch 700/3786
  sw_eval batch 800/3786
  sw_eval batch 900/3786
  sw_eval batch 1000/3786
  sw_eval batch 1100/3786
  sw_eval batch 1200/3786
  sw_eval batch 1300/3786
  sw_eval batch 1400/3786
  sw_eval batch 1500/3786
  sw_eval batch 1600/3786
  sw_eval batch 1700/3786
  sw_eval batch 1800/3786
  sw_eval batch 1900/3786
  sw_eval batch 2000/3786
  sw_eval batch 2100/3786
  sw_eval batch 2200/3786
  sw_eval batch 2300/3786
  sw_eval batch 2400/3786
  sw_eval batch 2500/3786
  sw_eval batch 2600/3786
  sw_eval batch 2700/3786
  sw_eval batch 2800/3786
  sw_eval batch 2900/3786
  sw_eval batch 3000/3786
  sw_eval batch 3100/3786
  sw_eval batch 3200/3786
  sw_eval batch 3300/3786
  sw_eval batch 3400/3786
  sw_eval batch 3500/3786
  sw_eval batch 3600/3786
  sw_eval batch 3700/3786
final_sliding_window_eval stride:64 val_loss:1.9510 val_bpb:1.1555 eval_time:97428ms
final_sliding_window_eval_exact stride:64 val_loss:1.95102944 val_bpb:1.15551053
