W0401 16:47:10.444000 2096116 torch/distributed/run.py:774] 
W0401 16:47:10.444000 2096116 torch/distributed/run.py:774] *****************************************
W0401 16:47:10.444000 2096116 torch/distributed/run.py:774] Setting OMP_NUM_THREADS environment variable for each process to be 1 in default, to avoid your system being overloaded, please further tune the variable for optimal performance in your application as needed. 
W0401 16:47:10.444000 2096116 torch/distributed/run.py:774] *****************************************
logs/executor_2026-03-19_MixedQuant_Int6Int8_SlidingWindow_exact.txt
val_bpb:enabled tokenizer_kind=sentencepiece tokenizer_path=/inspire/hdd/global_user/wanjiaxin-253108030048/code/bag-of-tricks-transformers/parameter-golf/data/tokenizers/fineweb_1024_bpe.model
train_loader:dataset:fineweb10B_sp1024 train_shards:80
val_loader:shards pattern=/inspire/hdd/global_user/wanjiaxin-253108030048/code/bag-of-tricks-transformers/parameter-golf/data/datasets/fineweb10B_sp1024/fineweb_val_*.bin tokens:62021632
model_params:21778504
world_size:8 grad_accum_steps:1
sdp_backends:cudnn=False flash=True mem_efficient=False math=False
attention_mode:gqa num_heads:8 num_kv_heads:4
tie_embeddings:True embed_lr:0.03 head_lr:0.0 matrix_lr:0.02 scalar_lr:0.02
train_batch_tokens:524288 train_seq_len:1024 iterations:20000 warmup_steps:20 max_wallclock_seconds:600.000
seed:1337
warmup_step:1/20
warmup_step:2/20
warmup_step:3/20
warmup_step:4/20
warmup_step:5/20
warmup_step:6/20
warmup_step:7/20
warmup_step:8/20
warmup_step:9/20
warmup_step:10/20
warmup_step:11/20
warmup_step:12/20
warmup_step:13/20
warmup_step:14/20
warmup_step:15/20
warmup_step:16/20
warmup_step:17/20
warmup_step:18/20
warmup_step:19/20
warmup_step:20/20
step:0/20000 val_loss:6.9378 val_bpb:4.1090 train_time:0ms step_avg:0.02ms
step:1/20000 train_loss:6.9364 train_time:26ms step_avg:25.94ms
step:2/20000 train_loss:12.3366 train_time:76ms step_avg:37.94ms
step:3/20000 train_loss:7.4142 train_time:124ms step_avg:41.37ms
step:4/20000 train_loss:6.3478 train_time:175ms step_avg:43.73ms
step:5/20000 train_loss:6.7811 train_time:222ms step_avg:44.41ms
step:6/20000 train_loss:7.4910 train_time:271ms step_avg:45.09ms
step:7/20000 train_loss:6.7486 train_time:319ms step_avg:45.62ms
step:8/20000 train_loss:6.4468 train_time:368ms step_avg:45.98ms
step:9/20000 train_loss:6.3011 train_time:418ms step_avg:46.40ms
step:10/20000 train_loss:6.1817 train_time:466ms step_avg:46.58ms
step:200/20000 train_loss:2.7577 train_time:9920ms step_avg:49.60ms
step:400/20000 train_loss:2.2994 train_time:19797ms step_avg:49.49ms
step:600/20000 train_loss:2.5021 train_time:29669ms step_avg:49.45ms
step:800/20000 train_loss:2.2698 train_time:39528ms step_avg:49.41ms
step:1000/20000 train_loss:2.3536 train_time:49509ms step_avg:49.51ms
step:1200/20000 train_loss:2.3715 train_time:59418ms step_avg:49.52ms
step:1400/20000 train_loss:2.4236 train_time:69347ms step_avg:49.53ms
step:1600/20000 train_loss:2.0977 train_time:79304ms step_avg:49.56ms
step:1800/20000 train_loss:2.1912 train_time:89260ms step_avg:49.59ms
step:2000/20000 train_loss:2.2381 train_time:99147ms step_avg:49.57ms
step:2000/20000 val_loss:2.2178 val_bpb:1.3135 train_time:99175ms step_avg:49.59ms
step:2200/20000 train_loss:2.0508 train_time:109096ms step_avg:49.59ms
step:2400/20000 train_loss:2.1730 train_time:118994ms step_avg:49.58ms
step:2600/20000 train_loss:2.3776 train_time:128879ms step_avg:49.57ms
step:2800/20000 train_loss:2.2041 train_time:138805ms step_avg:49.57ms
step:3000/20000 train_loss:2.1924 train_time:148744ms step_avg:49.58ms
step:3200/20000 train_loss:2.1502 train_time:158622ms step_avg:49.57ms
step:3400/20000 train_loss:2.1256 train_time:168499ms step_avg:49.56ms
step:3600/20000 train_loss:2.0760 train_time:178419ms step_avg:49.56ms
step:3800/20000 train_loss:2.1825 train_time:188343ms step_avg:49.56ms
step:4000/20000 train_loss:2.1256 train_time:198259ms step_avg:49.56ms
step:4000/20000 val_loss:2.1289 val_bpb:1.2609 train_time:198286ms step_avg:49.57ms
step:4200/20000 train_loss:2.1363 train_time:208383ms step_avg:49.61ms
step:4400/20000 train_loss:2.0723 train_time:218296ms step_avg:49.61ms
step:4600/20000 train_loss:1.9295 train_time:228195ms step_avg:49.61ms
step:4800/20000 train_loss:2.2222 train_time:238067ms step_avg:49.60ms
step:5000/20000 train_loss:1.9856 train_time:247954ms step_avg:49.59ms
step:5200/20000 train_loss:2.1303 train_time:257888ms step_avg:49.59ms
step:5400/20000 train_loss:2.1433 train_time:267803ms step_avg:49.59ms
step:5600/20000 train_loss:2.1390 train_time:277658ms step_avg:49.58ms
step:5800/20000 train_loss:2.0981 train_time:287525ms step_avg:49.57ms
step:6000/20000 train_loss:2.1825 train_time:297437ms step_avg:49.57ms
step:6000/20000 val_loss:2.0987 val_bpb:1.2430 train_time:297465ms step_avg:49.58ms
step:6200/20000 train_loss:2.0427 train_time:307311ms step_avg:49.57ms
step:6400/20000 train_loss:2.1170 train_time:317205ms step_avg:49.56ms
step:6600/20000 train_loss:2.0765 train_time:327160ms step_avg:49.57ms
step:6800/20000 train_loss:2.1510 train_time:337050ms step_avg:49.57ms
step:7000/20000 train_loss:2.1826 train_time:346915ms step_avg:49.56ms
step:7200/20000 train_loss:2.1539 train_time:356823ms step_avg:49.56ms
step:7400/20000 train_loss:2.0769 train_time:366781ms step_avg:49.56ms
step:7600/20000 train_loss:1.9493 train_time:376769ms step_avg:49.57ms
step:7800/20000 train_loss:2.1050 train_time:386656ms step_avg:49.57ms
step:8000/20000 train_loss:2.0669 train_time:396506ms step_avg:49.56ms
step:8000/20000 val_loss:2.0763 val_bpb:1.2297 train_time:396534ms step_avg:49.57ms
step:8200/20000 train_loss:2.1454 train_time:406427ms step_avg:49.56ms
step:8400/20000 train_loss:2.0893 train_time:416524ms step_avg:49.59ms
step:8600/20000 train_loss:2.0909 train_time:426396ms step_avg:49.58ms
step:8800/20000 train_loss:2.0510 train_time:436300ms step_avg:49.58ms
step:9000/20000 train_loss:1.9797 train_time:446195ms step_avg:49.58ms
step:9200/20000 train_loss:2.0386 train_time:456079ms step_avg:49.57ms
step:9400/20000 train_loss:2.0768 train_time:466003ms step_avg:49.57ms
step:9600/20000 train_loss:2.0938 train_time:475906ms step_avg:49.57ms
step:9800/20000 train_loss:2.0148 train_time:485828ms step_avg:49.57ms
step:10000/20000 train_loss:2.0569 train_time:495756ms step_avg:49.58ms
step:10000/20000 val_loss:2.0535 val_bpb:1.2162 train_time:495784ms step_avg:49.58ms
step:10200/20000 train_loss:2.0026 train_time:505712ms step_avg:49.58ms
step:10400/20000 train_loss:2.0352 train_time:515586ms step_avg:49.58ms
step:10600/20000 train_loss:1.9173 train_time:525433ms step_avg:49.57ms
step:10800/20000 train_loss:2.1249 train_time:535309ms step_avg:49.57ms
step:11000/20000 train_loss:2.0455 train_time:545170ms step_avg:49.56ms
step:11200/20000 train_loss:1.9909 train_time:555118ms step_avg:49.56ms
step:11400/20000 train_loss:1.9815 train_time:565019ms step_avg:49.56ms
step:11600/20000 train_loss:1.9814 train_time:574895ms step_avg:49.56ms
step:11800/20000 train_loss:2.0148 train_time:584823ms step_avg:49.56ms
step:12000/20000 train_loss:1.9895 train_time:594712ms step_avg:49.56ms
step:12000/20000 val_loss:2.0186 val_bpb:1.1956 train_time:594741ms step_avg:49.56ms
step:12105/20000 val_loss:2.0182 val_bpb:1.1953 train_time:600065ms step_avg:49.57ms
stopping_early: wallclock_cap train_time:600065ms step:12105/20000
peak memory allocated: 11322 MiB reserved: 11520 MiB
Serialized model: 86099351 bytes
Code size: 56770 bytes
Total submission size: 86156121 bytes
Serialized model int6+zstd-22: 14690136 bytes (payload:21906720 raw_torch:21951833 payload_ratio:3.93x)
Total submission size int6+zstd-22: 14746906 bytes
final_int6_roundtrip val_loss:2.0211 val_bpb:1.1970 eval_time:1526ms
final_int6_roundtrip_exact val_loss:2.02111046 val_bpb:1.19701546
  sw_eval batch 100/3786
  sw_eval batch 200/3786
  sw_eval batch 300/3786
  sw_eval batch 400/3786
  sw_eval batch 500/3786
  sw_eval batch 600/3786
  sw_eval batch 700/3786
  sw_eval batch 800/3786
  sw_eval batch 900/3786
  sw_eval batch 1000/3786
  sw_eval batch 1100/3786
  sw_eval batch 1200/3786
  sw_eval batch 1300/3786
  sw_eval batch 1400/3786
  sw_eval batch 1500/3786
  sw_eval batch 1600/3786
  sw_eval batch 1700/3786
  sw_eval batch 1800/3786
  sw_eval batch 1900/3786
  sw_eval batch 2000/3786
  sw_eval batch 2100/3786
  sw_eval batch 2200/3786
  sw_eval batch 2300/3786
  sw_eval batch 2400/3786
  sw_eval batch 2500/3786
  sw_eval batch 2600/3786
  sw_eval batch 2700/3786
  sw_eval batch 2800/3786
  sw_eval batch 2900/3786
  sw_eval batch 3000/3786
  sw_eval batch 3100/3786
  sw_eval batch 3200/3786
  sw_eval batch 3300/3786
  sw_eval batch 3400/3786
  sw_eval batch 3500/3786
  sw_eval batch 3600/3786
  sw_eval batch 3700/3786
final_sliding_window_eval stride:64 val_loss:1.9647 val_bpb:1.1636 eval_time:95454ms
final_sliding_window_eval_exact stride:64 val_loss:1.96474714 val_bpb:1.16363494
