W0401 18:57:09.692000 46032 torch/distributed/run.py:803] 
W0401 18:57:09.692000 46032 torch/distributed/run.py:803] *****************************************
W0401 18:57:09.692000 46032 torch/distributed/run.py:803] Setting OMP_NUM_THREADS environment variable for each process to be 1 in default, to avoid your system being overloaded, please further tune the variable for optimal performance in your application as needed. 
W0401 18:57:09.692000 46032 torch/distributed/run.py:803] *****************************************
logs/executor_2026-03-20_11L_XSA4_EMA_Int6_MLP3x_WD04_1.1271_exact.txt
val_bpb:enabled tokenizer_kind=sentencepiece tokenizer_path=/inspire/hdd/global_user/wanjiaxin-253108030048/code/bag-of-tricks-transformers/parameter-golf/data/tokenizers/fineweb_1024_bpe.model
train_loader:dataset:fineweb10B_sp1024 train_shards:80
val_loader:shards pattern=/inspire/hdd/global_user/wanjiaxin-253108030048/code/bag-of-tricks-transformers/parameter-golf/data/datasets/fineweb10B_sp1024/fineweb_val_*.bin tokens:62021632
model_params:26829913
mtp_num_heads:0 mtp_loss_weight:0.2 mtp_params:0
world_size:8 grad_accum_steps:1
sdp_backends:cudnn=False flash=True mem_efficient=False math=False
attention_mode:gqa num_heads:8 num_kv_heads:4
tie_embeddings:True embed_lr:0.035 head_lr:0.0 matrix_lr:0.025 scalar_lr:0.025
train_batch_tokens:786432 train_seq_len:2048 iterations:9000 warmup_steps:20 max_wallclock_seconds:600.000
seed:1337
warmup_step:1/20
warmup_step:2/20
warmup_step:3/20
warmup_step:4/20
warmup_step:5/20
warmup_step:6/20
warmup_step:7/20
warmup_step:8/20
warmup_step:9/20
warmup_step:10/20
warmup_step:11/20
warmup_step:12/20
warmup_step:13/20
warmup_step:14/20
warmup_step:15/20
warmup_step:16/20
warmup_step:17/20
warmup_step:18/20
warmup_step:19/20
warmup_step:20/20
step:0/9000 val_loss:6.9303 val_bpb:4.1045 train_time:0ms step_avg:0.02ms
step:1/9000 train_loss:6.9326 train_time:147ms step_avg:146.86ms
step:2/9000 train_loss:8.6010 train_time:214ms step_avg:107.19ms
step:3/9000 train_loss:7.9282 train_time:297ms step_avg:98.90ms
step:4/9000 train_loss:7.2181 train_time:379ms step_avg:94.73ms
step:5/9000 train_loss:6.9899 train_time:461ms step_avg:92.21ms
step:6/9000 train_loss:6.8651 train_time:543ms step_avg:90.55ms
step:7/9000 train_loss:6.8744 train_time:626ms step_avg:89.41ms
step:8/9000 train_loss:6.8855 train_time:709ms step_avg:88.58ms
step:9/9000 train_loss:6.4661 train_time:791ms step_avg:87.90ms
step:10/9000 train_loss:6.1088 train_time:873ms step_avg:87.34ms
step:200/9000 train_loss:2.4045 train_time:16961ms step_avg:84.80ms
step:400/9000 train_loss:2.4016 train_time:34049ms step_avg:85.12ms
step:600/9000 train_loss:2.3250 train_time:50956ms step_avg:84.93ms
step:800/9000 train_loss:2.2326 train_time:68042ms step_avg:85.05ms
step:1000/9000 train_loss:2.2663 train_time:84958ms step_avg:84.96ms
step:1000/9000 val_loss:2.2182 val_bpb:1.3137 train_time:84978ms step_avg:84.98ms
step:1200/9000 train_loss:2.3492 train_time:102155ms step_avg:85.13ms
step:1400/9000 train_loss:2.1778 train_time:119230ms step_avg:85.16ms
step:1600/9000 train_loss:2.0700 train_time:136167ms step_avg:85.10ms
step:1800/9000 train_loss:2.1601 train_time:153233ms step_avg:85.13ms
step:2000/9000 train_loss:2.0608 train_time:170136ms step_avg:85.07ms
step:2000/9000 val_loss:2.1252 val_bpb:1.2587 train_time:170154ms step_avg:85.08ms
step:2200/9000 train_loss:2.1361 train_time:187257ms step_avg:85.12ms
step:2400/9000 train_loss:2.0609 train_time:204137ms step_avg:85.06ms
step:2600/9000 train_loss:2.1044 train_time:221176ms step_avg:85.07ms
step:2800/9000 train_loss:2.1528 train_time:238318ms step_avg:85.11ms
step:3000/9000 train_loss:2.1585 train_time:255198ms step_avg:85.07ms
step:3000/9000 val_loss:2.0887 val_bpb:1.2370 train_time:255216ms step_avg:85.07ms
step:3200/9000 train_loss:2.1735 train_time:272268ms step_avg:85.08ms
step:3400/9000 train_loss:2.0181 train_time:289192ms step_avg:85.06ms
step:3600/9000 train_loss:2.0943 train_time:306260ms step_avg:85.07ms
step:3800/9000 train_loss:2.0789 train_time:323149ms step_avg:85.04ms
step:4000/9000 train_loss:1.9825 train_time:340281ms step_avg:85.07ms
step:4000/9000 val_loss:2.0760 val_bpb:1.2295 train_time:340300ms step_avg:85.07ms
step:4200/9000 train_loss:2.1653 train_time:357412ms step_avg:85.10ms
step:4400/9000 train_loss:2.0445 train_time:374376ms step_avg:85.09ms
step:4600/9000 train_loss:1.8516 train_time:391473ms step_avg:85.10ms
step:4800/9000 train_loss:2.4397 train_time:408397ms step_avg:85.08ms
step:5000/9000 train_loss:2.1155 train_time:425494ms step_avg:85.10ms
step:5000/9000 val_loss:2.0331 val_bpb:1.2041 train_time:425512ms step_avg:85.10ms
step:5200/9000 train_loss:2.0506 train_time:442368ms step_avg:85.07ms
step:5400/9000 train_loss:2.0555 train_time:459384ms step_avg:85.07ms
step:5600/9000 train_loss:1.9631 train_time:476414ms step_avg:85.07ms
step:5800/9000 train_loss:2.0073 train_time:493314ms step_avg:85.05ms
step:6000/9000 train_loss:1.9471 train_time:510325ms step_avg:85.05ms
step:6000/9000 val_loss:1.9887 val_bpb:1.1778 train_time:510342ms step_avg:85.06ms
step:6200/9000 train_loss:1.9610 train_time:527169ms step_avg:85.03ms
step:6400/9000 train_loss:2.0064 train_time:544333ms step_avg:85.05ms
step:6600/9000 train_loss:1.8503 train_time:561241ms step_avg:85.04ms
step:6800/9000 train_loss:2.0296 train_time:578331ms step_avg:85.05ms
step:7000/9000 train_loss:1.7954 train_time:595459ms step_avg:85.07ms
step:7000/9000 val_loss:1.9323 val_bpb:1.1444 train_time:595477ms step_avg:85.07ms
step:7055/9000 val_loss:1.9312 val_bpb:1.1438 train_time:600065ms step_avg:85.06ms
stopping_early: wallclock_cap train_time:600065ms step:7055/9000
peak memory allocated: 20600 MiB reserved: 20660 MiB
ema:applying EMA weights
Serialized model: 105783807 bytes
Code size: 66133 bytes
Serialized model int6+zstd: 15463200 bytes
Total submission size int6+zstd: 15529333 bytes
final_int6_roundtrip val_loss:1.9429 val_bpb:1.1507 eval_time:33532ms
final_int6_roundtrip_exact val_loss:1.94287181 val_bpb:1.15067812
final_int6_sliding_window val_loss:1.9053 val_bpb:1.1285 stride:64 eval_time:88970ms
final_int6_sliding_window_exact val_loss:1.90534731 val_bpb:1.12845698
