W0401 13:16:33.144000 270558 torch/distributed/run.py:774] 
W0401 13:16:33.144000 270558 torch/distributed/run.py:774] *****************************************
W0401 13:16:33.144000 270558 torch/distributed/run.py:774] Setting OMP_NUM_THREADS environment variable for each process to be 1 in default, to avoid your system being overloaded, please further tune the variable for optimal performance in your application as needed. 
W0401 13:16:33.144000 270558 torch/distributed/run.py:774] *****************************************
logs/executor_2026-03-17_NaiveBaseline_exact.txt
val_bpb:enabled tokenizer_kind=sentencepiece tokenizer_path=/inspire/hdd/global_user/wanjiaxin-253108030048/code/bag-of-tricks-transformers/parameter-golf/data/tokenizers/fineweb_1024_bpe.model
train_loader:dataset:fineweb10B_sp1024 train_shards:80
val_loader:shards pattern=/inspire/hdd/global_user/wanjiaxin-253108030048/code/bag-of-tricks-transformers/parameter-golf/data/datasets/fineweb10B_sp1024/fineweb_val_*.bin tokens:62021632
model_params:17059912
world_size:8 grad_accum_steps:1
sdp_backends:cudnn=False flash=True mem_efficient=False math=False
attention_mode:gqa num_heads:8 num_kv_heads:4
tie_embeddings:True embed_lr:0.05 head_lr:0.0 matrix_lr:0.04 scalar_lr:0.04
train_batch_tokens:524288 train_seq_len:1024 iterations:20000 warmup_steps:20 max_wallclock_seconds:600.000
seed:1337
warmup_step:1/20
warmup_step:2/20
warmup_step:3/20
warmup_step:4/20
warmup_step:5/20
warmup_step:6/20
warmup_step:7/20
warmup_step:8/20
warmup_step:9/20
warmup_step:10/20
warmup_step:11/20
warmup_step:12/20
warmup_step:13/20
warmup_step:14/20
warmup_step:15/20
warmup_step:16/20
warmup_step:17/20
warmup_step:18/20
warmup_step:19/20
warmup_step:20/20
step:0/20000 val_loss:6.9357 val_bpb:4.1077 train_time:0ms step_avg:0.02ms
step:1/20000 train_loss:6.9370 train_time:25ms step_avg:25.21ms
step:2/20000 train_loss:16.8366 train_time:70ms step_avg:35.23ms
step:3/20000 train_loss:8.7597 train_time:114ms step_avg:37.93ms
step:4/20000 train_loss:6.6383 train_time:158ms step_avg:39.41ms
step:5/20000 train_loss:6.6118 train_time:202ms step_avg:40.36ms
step:6/20000 train_loss:7.4223 train_time:246ms step_avg:40.99ms
step:7/20000 train_loss:6.3508 train_time:290ms step_avg:41.45ms
step:8/20000 train_loss:6.1583 train_time:334ms step_avg:41.81ms
step:9/20000 train_loss:6.0680 train_time:378ms step_avg:42.04ms
step:10/20000 train_loss:5.9745 train_time:423ms step_avg:42.33ms
step:50/20000 train_loss:4.1225 train_time:2186ms step_avg:43.71ms
step:100/20000 train_loss:3.4136 train_time:4389ms step_avg:43.89ms
step:150/20000 train_loss:3.0604 train_time:6591ms step_avg:43.94ms
step:200/20000 train_loss:2.8493 train_time:9026ms step_avg:45.13ms
step:200/20000 val_loss:2.8492 val_bpb:1.6874 train_time:9052ms step_avg:45.26ms
step:250/20000 train_loss:2.7530 train_time:11247ms step_avg:44.99ms
step:300/20000 train_loss:2.4860 train_time:13449ms step_avg:44.83ms
step:350/20000 train_loss:2.6630 train_time:15651ms step_avg:44.72ms
step:400/20000 train_loss:2.3549 train_time:18076ms step_avg:45.19ms
step:400/20000 val_loss:2.5697 val_bpb:1.5219 train_time:18102ms step_avg:45.25ms
step:450/20000 train_loss:2.5024 train_time:20281ms step_avg:45.07ms
step:500/20000 train_loss:2.4931 train_time:22486ms step_avg:44.97ms
step:550/20000 train_loss:2.3997 train_time:24685ms step_avg:44.88ms
step:600/20000 train_loss:2.5420 train_time:27113ms step_avg:45.19ms
step:600/20000 val_loss:2.4438 val_bpb:1.4473 train_time:27139ms step_avg:45.23ms
step:650/20000 train_loss:2.3863 train_time:29315ms step_avg:45.10ms
step:700/20000 train_loss:2.4425 train_time:31518ms step_avg:45.03ms
step:750/20000 train_loss:2.2681 train_time:33720ms step_avg:44.96ms
step:800/20000 train_loss:2.2943 train_time:36086ms step_avg:45.11ms
step:800/20000 val_loss:2.3815 val_bpb:1.4104 train_time:36112ms step_avg:45.14ms
step:850/20000 train_loss:2.7194 train_time:38289ms step_avg:45.05ms
step:900/20000 train_loss:2.3397 train_time:40489ms step_avg:44.99ms
step:950/20000 train_loss:2.4004 train_time:42692ms step_avg:44.94ms
step:1000/20000 train_loss:2.3712 train_time:45077ms step_avg:45.08ms
step:1000/20000 val_loss:2.3336 val_bpb:1.3821 train_time:45104ms step_avg:45.10ms
step:1050/20000 train_loss:2.4878 train_time:47281ms step_avg:45.03ms
step:1100/20000 train_loss:2.2580 train_time:49484ms step_avg:44.99ms
step:1150/20000 train_loss:2.2542 train_time:51864ms step_avg:45.10ms
step:1200/20000 train_loss:2.3824 train_time:54065ms step_avg:45.05ms
step:1200/20000 val_loss:2.3019 val_bpb:1.3633 train_time:54092ms step_avg:45.08ms
step:1250/20000 train_loss:2.2027 train_time:56268ms step_avg:45.01ms
step:1300/20000 train_loss:2.3544 train_time:58469ms step_avg:44.98ms
step:1350/20000 train_loss:2.2702 train_time:60886ms step_avg:45.10ms
step:1400/20000 train_loss:2.4330 train_time:63088ms step_avg:45.06ms
step:1400/20000 val_loss:2.2804 val_bpb:1.3506 train_time:63112ms step_avg:45.08ms
step:1450/20000 train_loss:2.2323 train_time:65288ms step_avg:45.03ms
step:1500/20000 train_loss:2.2227 train_time:67489ms step_avg:44.99ms
step:1550/20000 train_loss:2.1546 train_time:69999ms step_avg:45.16ms
step:1600/20000 train_loss:2.0961 train_time:72203ms step_avg:45.13ms
step:1600/20000 val_loss:2.2648 val_bpb:1.3414 train_time:72229ms step_avg:45.14ms
step:1650/20000 train_loss:2.2274 train_time:74403ms step_avg:45.09ms
step:1700/20000 train_loss:2.1731 train_time:76604ms step_avg:45.06ms
step:1750/20000 train_loss:2.2507 train_time:79058ms step_avg:45.18ms
step:1800/20000 train_loss:2.1992 train_time:81262ms step_avg:45.15ms
step:1800/20000 val_loss:2.2496 val_bpb:1.3323 train_time:81289ms step_avg:45.16ms
step:1850/20000 train_loss:2.3034 train_time:83466ms step_avg:45.12ms
step:1900/20000 train_loss:2.1904 train_time:85667ms step_avg:45.09ms
step:1950/20000 train_loss:2.2101 train_time:88112ms step_avg:45.19ms
step:2000/20000 train_loss:2.2529 train_time:90314ms step_avg:45.16ms
step:2000/20000 val_loss:2.2348 val_bpb:1.3236 train_time:90340ms step_avg:45.17ms
step:2050/20000 train_loss:2.2527 train_time:92518ms step_avg:45.13ms
step:2100/20000 train_loss:2.2655 train_time:94899ms step_avg:45.19ms
step:2150/20000 train_loss:2.1858 train_time:97099ms step_avg:45.16ms
step:2200/20000 train_loss:2.0731 train_time:99304ms step_avg:45.14ms
step:2200/20000 val_loss:2.2257 val_bpb:1.3182 train_time:99330ms step_avg:45.15ms
step:2250/20000 train_loss:2.1646 train_time:101507ms step_avg:45.11ms
step:2300/20000 train_loss:2.3770 train_time:103926ms step_avg:45.19ms
step:2350/20000 train_loss:2.1931 train_time:106127ms step_avg:45.16ms
step:2400/20000 train_loss:2.2023 train_time:108327ms step_avg:45.14ms
step:2400/20000 val_loss:2.2154 val_bpb:1.3121 train_time:108353ms step_avg:45.15ms
step:2450/20000 train_loss:2.2013 train_time:110529ms step_avg:45.11ms
step:2500/20000 train_loss:2.1233 train_time:112939ms step_avg:45.18ms
step:2550/20000 train_loss:2.1353 train_time:115142ms step_avg:45.15ms
step:2600/20000 train_loss:2.4149 train_time:117346ms step_avg:45.13ms
step:2600/20000 val_loss:2.2194 val_bpb:1.3145 train_time:117372ms step_avg:45.14ms
step:2650/20000 train_loss:2.2418 train_time:119548ms step_avg:45.11ms
step:2700/20000 train_loss:2.1596 train_time:122022ms step_avg:45.19ms
step:2750/20000 train_loss:2.3631 train_time:124223ms step_avg:45.17ms
step:2800/20000 train_loss:2.2326 train_time:126423ms step_avg:45.15ms
step:2800/20000 val_loss:2.2003 val_bpb:1.3032 train_time:126450ms step_avg:45.16ms
step:2850/20000 train_loss:2.1855 train_time:128625ms step_avg:45.13ms
step:2900/20000 train_loss:2.1798 train_time:131025ms step_avg:45.18ms
step:2950/20000 train_loss:2.2373 train_time:133227ms step_avg:45.16ms
step:3000/20000 train_loss:2.2248 train_time:135428ms step_avg:45.14ms
step:3000/20000 val_loss:2.1938 val_bpb:1.2993 train_time:135454ms step_avg:45.15ms
step:3050/20000 train_loss:2.1719 train_time:137631ms step_avg:45.12ms
step:3100/20000 train_loss:2.2084 train_time:140089ms step_avg:45.19ms
step:3150/20000 train_loss:2.1579 train_time:142294ms step_avg:45.17ms
step:3200/20000 train_loss:2.1877 train_time:144491ms step_avg:45.15ms
step:3200/20000 val_loss:2.1887 val_bpb:1.2963 train_time:144516ms step_avg:45.16ms
step:3250/20000 train_loss:2.0903 train_time:146861ms step_avg:45.19ms
step:3300/20000 train_loss:2.2372 train_time:149062ms step_avg:45.17ms
step:3350/20000 train_loss:2.0915 train_time:151263ms step_avg:45.15ms
step:3400/20000 train_loss:2.1597 train_time:153464ms step_avg:45.14ms
step:3400/20000 val_loss:2.1861 val_bpb:1.2947 train_time:153490ms step_avg:45.14ms
step:3450/20000 train_loss:2.1053 train_time:155895ms step_avg:45.19ms
step:3500/20000 train_loss:2.2528 train_time:158098ms step_avg:45.17ms
step:3550/20000 train_loss:2.3875 train_time:160299ms step_avg:45.15ms
step:3600/20000 train_loss:2.1174 train_time:162501ms step_avg:45.14ms
step:3600/20000 val_loss:2.1782 val_bpb:1.2901 train_time:162527ms step_avg:45.15ms
step:3650/20000 train_loss:2.2141 train_time:164878ms step_avg:45.17ms
step:3700/20000 train_loss:2.1503 train_time:167078ms step_avg:45.16ms
step:3750/20000 train_loss:2.1433 train_time:169282ms step_avg:45.14ms
step:3800/20000 train_loss:2.2219 train_time:171482ms step_avg:45.13ms
step:3800/20000 val_loss:2.1736 val_bpb:1.2873 train_time:171508ms step_avg:45.13ms
step:3850/20000 train_loss:2.1788 train_time:173918ms step_avg:45.17ms
step:3900/20000 train_loss:1.9890 train_time:176121ms step_avg:45.16ms
step:3950/20000 train_loss:2.1235 train_time:178321ms step_avg:45.14ms
step:4000/20000 train_loss:2.1618 train_time:180522ms step_avg:45.13ms
step:4000/20000 val_loss:2.1691 val_bpb:1.2847 train_time:180547ms step_avg:45.14ms
step:4050/20000 train_loss:2.0984 train_time:183003ms step_avg:45.19ms
step:4100/20000 train_loss:2.1869 train_time:185202ms step_avg:45.17ms
step:4150/20000 train_loss:2.3228 train_time:187403ms step_avg:45.16ms
step:4200/20000 train_loss:2.1767 train_time:189864ms step_avg:45.21ms
step:4200/20000 val_loss:2.1658 val_bpb:1.2827 train_time:189889ms step_avg:45.21ms
step:4250/20000 train_loss:2.1278 train_time:192064ms step_avg:45.19ms
step:4300/20000 train_loss:2.0257 train_time:194263ms step_avg:45.18ms
step:4350/20000 train_loss:2.2109 train_time:196465ms step_avg:45.16ms
step:4400/20000 train_loss:2.1069 train_time:198883ms step_avg:45.20ms
step:4400/20000 val_loss:2.1653 val_bpb:1.2824 train_time:198909ms step_avg:45.21ms
step:4450/20000 train_loss:2.0658 train_time:201084ms step_avg:45.19ms
step:4500/20000 train_loss:2.2579 train_time:203285ms step_avg:45.17ms
step:4550/20000 train_loss:2.0543 train_time:205483ms step_avg:45.16ms
step:4600/20000 train_loss:1.9701 train_time:207968ms step_avg:45.21ms
step:4600/20000 val_loss:2.1613 val_bpb:1.2800 train_time:207994ms step_avg:45.22ms
step:4650/20000 train_loss:2.0728 train_time:210176ms step_avg:45.20ms
step:4700/20000 train_loss:2.2661 train_time:212375ms step_avg:45.19ms
step:4750/20000 train_loss:1.9748 train_time:214578ms step_avg:45.17ms
step:4800/20000 train_loss:2.2621 train_time:216945ms step_avg:45.20ms
step:4800/20000 val_loss:2.1574 val_bpb:1.2777 train_time:216971ms step_avg:45.20ms
step:4850/20000 train_loss:2.1551 train_time:219150ms step_avg:45.19ms
step:4900/20000 train_loss:2.1657 train_time:221349ms step_avg:45.17ms
step:4950/20000 train_loss:2.3389 train_time:223549ms step_avg:45.16ms
step:5000/20000 train_loss:2.0296 train_time:225933ms step_avg:45.19ms
step:5000/20000 val_loss:2.1521 val_bpb:1.2746 train_time:225959ms step_avg:45.19ms
step:5050/20000 train_loss:2.2020 train_time:228138ms step_avg:45.18ms
step:5100/20000 train_loss:2.0283 train_time:230342ms step_avg:45.17ms
step:5150/20000 train_loss:2.2739 train_time:232725ms step_avg:45.19ms
step:5200/20000 train_loss:2.1711 train_time:234924ms step_avg:45.18ms
step:5200/20000 val_loss:2.1527 val_bpb:1.2750 train_time:234950ms step_avg:45.18ms
step:5250/20000 train_loss:2.1254 train_time:237125ms step_avg:45.17ms
step:5300/20000 train_loss:2.2124 train_time:239324ms step_avg:45.16ms
step:5350/20000 train_loss:2.1392 train_time:241761ms step_avg:45.19ms
step:5400/20000 train_loss:2.1869 train_time:243960ms step_avg:45.18ms
step:5400/20000 val_loss:2.1482 val_bpb:1.2723 train_time:243986ms step_avg:45.18ms
step:5450/20000 train_loss:2.1999 train_time:246160ms step_avg:45.17ms
step:5500/20000 train_loss:2.1377 train_time:248360ms step_avg:45.16ms
step:5550/20000 train_loss:2.1102 train_time:250727ms step_avg:45.18ms
step:5600/20000 train_loss:2.1840 train_time:252927ms step_avg:45.17ms
step:5600/20000 val_loss:2.1479 val_bpb:1.2721 train_time:252953ms step_avg:45.17ms
step:5650/20000 train_loss:2.0564 train_time:255130ms step_avg:45.16ms
step:5700/20000 train_loss:2.1713 train_time:257330ms step_avg:45.15ms
step:5750/20000 train_loss:2.2175 train_time:259891ms step_avg:45.20ms
step:5800/20000 train_loss:2.1470 train_time:262094ms step_avg:45.19ms
step:5800/20000 val_loss:2.1466 val_bpb:1.2713 train_time:262120ms step_avg:45.19ms
step:5850/20000 train_loss:2.1823 train_time:264296ms step_avg:45.18ms
step:5900/20000 train_loss:2.0938 train_time:266497ms step_avg:45.17ms
step:5950/20000 train_loss:2.1301 train_time:268930ms step_avg:45.20ms
step:6000/20000 train_loss:2.2225 train_time:271133ms step_avg:45.19ms
step:6000/20000 val_loss:2.1428 val_bpb:1.2691 train_time:271159ms step_avg:45.19ms
step:6050/20000 train_loss:2.1200 train_time:273334ms step_avg:45.18ms
step:6100/20000 train_loss:2.1177 train_time:275533ms step_avg:45.17ms
step:6150/20000 train_loss:2.1005 train_time:277913ms step_avg:45.19ms
step:6200/20000 train_loss:2.0905 train_time:280119ms step_avg:45.18ms
step:6200/20000 val_loss:2.1415 val_bpb:1.2683 train_time:280144ms step_avg:45.18ms
step:6250/20000 train_loss:2.1544 train_time:282320ms step_avg:45.17ms
step:6300/20000 train_loss:2.0330 train_time:284713ms step_avg:45.19ms
step:6350/20000 train_loss:2.0197 train_time:286912ms step_avg:45.18ms
step:6400/20000 train_loss:2.1604 train_time:289112ms step_avg:45.17ms
step:6400/20000 val_loss:2.1384 val_bpb:1.2665 train_time:289138ms step_avg:45.18ms
step:6450/20000 train_loss:2.0770 train_time:291313ms step_avg:45.16ms
step:6500/20000 train_loss:2.0798 train_time:293914ms step_avg:45.22ms
step:6550/20000 train_loss:2.2082 train_time:296117ms step_avg:45.21ms
step:6600/20000 train_loss:2.1220 train_time:298319ms step_avg:45.20ms
step:6600/20000 val_loss:2.1355 val_bpb:1.2648 train_time:298345ms step_avg:45.20ms
step:6650/20000 train_loss:2.2913 train_time:300521ms step_avg:45.19ms
step:6700/20000 train_loss:2.1587 train_time:302990ms step_avg:45.22ms
step:6750/20000 train_loss:2.3289 train_time:305191ms step_avg:45.21ms
step:6800/20000 train_loss:2.1955 train_time:307391ms step_avg:45.20ms
step:6800/20000 val_loss:2.1339 val_bpb:1.2638 train_time:307417ms step_avg:45.21ms
step:6850/20000 train_loss:2.0268 train_time:309592ms step_avg:45.20ms
step:6900/20000 train_loss:2.0953 train_time:311994ms step_avg:45.22ms
step:6950/20000 train_loss:2.1783 train_time:314194ms step_avg:45.21ms
step:7000/20000 train_loss:2.2288 train_time:316394ms step_avg:45.20ms
step:7000/20000 val_loss:2.1314 val_bpb:1.2623 train_time:316420ms step_avg:45.20ms
step:7050/20000 train_loss:2.2518 train_time:318599ms step_avg:45.19ms
step:7100/20000 train_loss:2.0643 train_time:321020ms step_avg:45.21ms
step:7150/20000 train_loss:2.1516 train_time:323220ms step_avg:45.21ms
step:7200/20000 train_loss:2.1954 train_time:325420ms step_avg:45.20ms
step:7200/20000 val_loss:2.1314 val_bpb:1.2623 train_time:325446ms step_avg:45.20ms
step:7250/20000 train_loss:2.1004 train_time:327852ms step_avg:45.22ms
step:7300/20000 train_loss:2.0914 train_time:330051ms step_avg:45.21ms
step:7350/20000 train_loss:2.1827 train_time:332252ms step_avg:45.20ms
step:7400/20000 train_loss:2.1176 train_time:334455ms step_avg:45.20ms
step:7400/20000 val_loss:2.1281 val_bpb:1.2604 train_time:334479ms step_avg:45.20ms
step:7450/20000 train_loss:2.1141 train_time:336914ms step_avg:45.22ms
step:7500/20000 train_loss:2.1102 train_time:339115ms step_avg:45.22ms
step:7550/20000 train_loss:2.1696 train_time:341316ms step_avg:45.21ms
step:7600/20000 train_loss:1.9964 train_time:343516ms step_avg:45.20ms
step:7600/20000 val_loss:2.1271 val_bpb:1.2598 train_time:343542ms step_avg:45.20ms
step:7650/20000 train_loss:2.2823 train_time:345908ms step_avg:45.22ms
step:7700/20000 train_loss:2.0902 train_time:348110ms step_avg:45.21ms
step:7750/20000 train_loss:2.1114 train_time:350313ms step_avg:45.20ms
step:7800/20000 train_loss:2.1465 train_time:352512ms step_avg:45.19ms
step:7800/20000 val_loss:2.1241 val_bpb:1.2580 train_time:352538ms step_avg:45.20ms
step:7850/20000 train_loss:2.0000 train_time:354889ms step_avg:45.21ms
step:7900/20000 train_loss:2.1301 train_time:357091ms step_avg:45.20ms
step:7950/20000 train_loss:2.0954 train_time:359291ms step_avg:45.19ms
step:8000/20000 train_loss:2.1122 train_time:361493ms step_avg:45.19ms
step:8000/20000 val_loss:2.1221 val_bpb:1.2568 train_time:361519ms step_avg:45.19ms
step:8050/20000 train_loss:2.0776 train_time:363884ms step_avg:45.20ms
step:8100/20000 train_loss:2.1466 train_time:366084ms step_avg:45.20ms
step:8150/20000 train_loss:2.2535 train_time:368285ms step_avg:45.19ms
step:8200/20000 train_loss:2.1874 train_time:370486ms step_avg:45.18ms
step:8200/20000 val_loss:2.1206 val_bpb:1.2559 train_time:370512ms step_avg:45.18ms
step:8250/20000 train_loss:2.1461 train_time:372889ms step_avg:45.20ms
step:8300/20000 train_loss:2.1225 train_time:375090ms step_avg:45.19ms
step:8350/20000 train_loss:2.2278 train_time:377291ms step_avg:45.18ms
step:8400/20000 train_loss:2.1358 train_time:379758ms step_avg:45.21ms
step:8400/20000 val_loss:2.1205 val_bpb:1.2559 train_time:379784ms step_avg:45.21ms
step:8450/20000 train_loss:2.2344 train_time:381959ms step_avg:45.20ms
step:8500/20000 train_loss:2.1267 train_time:384161ms step_avg:45.20ms
step:8550/20000 train_loss:2.1959 train_time:386361ms step_avg:45.19ms
step:8600/20000 train_loss:2.1380 train_time:388763ms step_avg:45.21ms
step:8600/20000 val_loss:2.1173 val_bpb:1.2540 train_time:388790ms step_avg:45.21ms
step:8650/20000 train_loss:2.1056 train_time:390965ms step_avg:45.20ms
step:8700/20000 train_loss:2.0338 train_time:393166ms step_avg:45.19ms
step:8750/20000 train_loss:2.1930 train_time:395366ms step_avg:45.18ms
step:8800/20000 train_loss:2.0996 train_time:397764ms step_avg:45.20ms
step:8800/20000 val_loss:2.1169 val_bpb:1.2537 train_time:397790ms step_avg:45.20ms
step:8850/20000 train_loss:2.3104 train_time:399969ms step_avg:45.19ms
step:8900/20000 train_loss:2.2019 train_time:402171ms step_avg:45.19ms
step:8950/20000 train_loss:2.1599 train_time:404376ms step_avg:45.18ms
step:9000/20000 train_loss:2.0229 train_time:406836ms step_avg:45.20ms
step:9000/20000 val_loss:2.1167 val_bpb:1.2536 train_time:406862ms step_avg:45.21ms
step:9050/20000 train_loss:2.0609 train_time:409038ms step_avg:45.20ms
step:9100/20000 train_loss:2.3048 train_time:411240ms step_avg:45.19ms
step:9150/20000 train_loss:1.9968 train_time:413442ms step_avg:45.18ms
step:9200/20000 train_loss:2.0840 train_time:415853ms step_avg:45.20ms
step:9200/20000 val_loss:2.1149 val_bpb:1.2526 train_time:415879ms step_avg:45.20ms
step:9250/20000 train_loss:2.2001 train_time:418053ms step_avg:45.19ms
step:9300/20000 train_loss:2.1285 train_time:420252ms step_avg:45.19ms
step:9350/20000 train_loss:2.2256 train_time:422632ms step_avg:45.20ms
step:9400/20000 train_loss:2.1285 train_time:424833ms step_avg:45.19ms
step:9400/20000 val_loss:2.1136 val_bpb:1.2518 train_time:424859ms step_avg:45.20ms
step:9450/20000 train_loss:2.1584 train_time:427035ms step_avg:45.19ms
step:9500/20000 train_loss:2.2596 train_time:429235ms step_avg:45.18ms
step:9550/20000 train_loss:2.1962 train_time:431649ms step_avg:45.20ms
step:9600/20000 train_loss:2.1465 train_time:433849ms step_avg:45.19ms
step:9600/20000 val_loss:2.1124 val_bpb:1.2511 train_time:433875ms step_avg:45.20ms
step:9650/20000 train_loss:2.0909 train_time:436054ms step_avg:45.19ms
step:9700/20000 train_loss:2.1038 train_time:438253ms step_avg:45.18ms
step:9750/20000 train_loss:2.0579 train_time:440615ms step_avg:45.19ms
step:9800/20000 train_loss:2.0698 train_time:442815ms step_avg:45.19ms
step:9800/20000 val_loss:2.1126 val_bpb:1.2512 train_time:442841ms step_avg:45.19ms
step:9850/20000 train_loss:2.0326 train_time:445017ms step_avg:45.18ms
step:9900/20000 train_loss:2.1483 train_time:447218ms step_avg:45.17ms
step:9950/20000 train_loss:2.0244 train_time:449633ms step_avg:45.19ms
step:10000/20000 train_loss:2.1143 train_time:451837ms step_avg:45.18ms
step:10000/20000 val_loss:2.1112 val_bpb:1.2504 train_time:451863ms step_avg:45.19ms
step:10050/20000 train_loss:2.1035 train_time:454039ms step_avg:45.18ms
step:10100/20000 train_loss:2.0932 train_time:456241ms step_avg:45.17ms
step:10150/20000 train_loss:2.0629 train_time:458629ms step_avg:45.19ms
step:10200/20000 train_loss:2.0644 train_time:460828ms step_avg:45.18ms
step:10200/20000 val_loss:2.1086 val_bpb:1.2488 train_time:460855ms step_avg:45.18ms
step:10250/20000 train_loss:2.0677 train_time:463031ms step_avg:45.17ms
step:10300/20000 train_loss:2.1921 train_time:465458ms step_avg:45.19ms
step:10350/20000 train_loss:2.1283 train_time:467655ms step_avg:45.18ms
step:10400/20000 train_loss:2.0978 train_time:469855ms step_avg:45.18ms
step:10400/20000 val_loss:2.1084 val_bpb:1.2487 train_time:469882ms step_avg:45.18ms
step:10450/20000 train_loss:2.0922 train_time:472058ms step_avg:45.17ms
step:10500/20000 train_loss:1.9816 train_time:474426ms step_avg:45.18ms
step:10550/20000 train_loss:2.0084 train_time:476627ms step_avg:45.18ms
step:10600/20000 train_loss:1.9740 train_time:478829ms step_avg:45.17ms
step:10600/20000 val_loss:2.1085 val_bpb:1.2488 train_time:478855ms step_avg:45.18ms
step:10650/20000 train_loss:2.1963 train_time:481034ms step_avg:45.17ms
step:10700/20000 train_loss:2.0713 train_time:483489ms step_avg:45.19ms
step:10750/20000 train_loss:2.1349 train_time:485690ms step_avg:45.18ms
step:10800/20000 train_loss:2.1886 train_time:487889ms step_avg:45.17ms
step:10800/20000 val_loss:2.1062 val_bpb:1.2474 train_time:487915ms step_avg:45.18ms
step:10850/20000 train_loss:2.1365 train_time:490089ms step_avg:45.17ms
step:10900/20000 train_loss:2.1514 train_time:492470ms step_avg:45.18ms
step:10950/20000 train_loss:2.1139 train_time:494672ms step_avg:45.18ms
step:11000/20000 train_loss:2.1169 train_time:496874ms step_avg:45.17ms
step:11000/20000 val_loss:2.1057 val_bpb:1.2471 train_time:496901ms step_avg:45.17ms
step:11050/20000 train_loss:2.0733 train_time:499076ms step_avg:45.17ms
step:11100/20000 train_loss:2.0562 train_time:501584ms step_avg:45.19ms
step:11150/20000 train_loss:2.1597 train_time:503786ms step_avg:45.18ms
step:11200/20000 train_loss:2.0706 train_time:505984ms step_avg:45.18ms
step:11200/20000 val_loss:2.1042 val_bpb:1.2462 train_time:506010ms step_avg:45.18ms
step:11250/20000 train_loss:1.9531 train_time:508186ms step_avg:45.17ms
step:11300/20000 train_loss:1.9999 train_time:510555ms step_avg:45.18ms
step:11350/20000 train_loss:1.9826 train_time:512759ms step_avg:45.18ms
step:11400/20000 train_loss:2.0599 train_time:514955ms step_avg:45.17ms
step:11400/20000 val_loss:2.1042 val_bpb:1.2462 train_time:514981ms step_avg:45.17ms
step:11450/20000 train_loss:2.0446 train_time:517326ms step_avg:45.18ms
step:11500/20000 train_loss:2.1095 train_time:519529ms step_avg:45.18ms
step:11550/20000 train_loss:2.1104 train_time:521729ms step_avg:45.17ms
step:11600/20000 train_loss:2.0603 train_time:523930ms step_avg:45.17ms
step:11600/20000 val_loss:2.1033 val_bpb:1.2457 train_time:523955ms step_avg:45.17ms
step:11650/20000 train_loss:2.1803 train_time:526309ms step_avg:45.18ms
step:11700/20000 train_loss:2.2090 train_time:528514ms step_avg:45.17ms
step:11750/20000 train_loss:2.1221 train_time:530713ms step_avg:45.17ms
step:11800/20000 train_loss:2.0926 train_time:532915ms step_avg:45.16ms
step:11800/20000 val_loss:2.1013 val_bpb:1.2445 train_time:532941ms step_avg:45.16ms
step:11850/20000 train_loss:2.1344 train_time:535306ms step_avg:45.17ms
step:11900/20000 train_loss:2.0579 train_time:537506ms step_avg:45.17ms
step:11950/20000 train_loss:2.0792 train_time:539711ms step_avg:45.16ms
step:12000/20000 train_loss:2.0710 train_time:541910ms step_avg:45.16ms
step:12000/20000 val_loss:2.1003 val_bpb:1.2439 train_time:541937ms step_avg:45.16ms
step:12050/20000 train_loss:2.0878 train_time:544420ms step_avg:45.18ms
step:12100/20000 train_loss:2.1039 train_time:546619ms step_avg:45.18ms
step:12150/20000 train_loss:2.2663 train_time:548823ms step_avg:45.17ms
step:12200/20000 train_loss:2.2198 train_time:551029ms step_avg:45.17ms
step:12200/20000 val_loss:2.0967 val_bpb:1.2418 train_time:551055ms step_avg:45.17ms
step:12250/20000 train_loss:1.9069 train_time:553481ms step_avg:45.18ms
step:12300/20000 train_loss:2.0972 train_time:555684ms step_avg:45.18ms
step:12350/20000 train_loss:2.1680 train_time:557883ms step_avg:45.17ms
step:12400/20000 train_loss:1.8524 train_time:560251ms step_avg:45.18ms
step:12400/20000 val_loss:2.0903 val_bpb:1.2380 train_time:560277ms step_avg:45.18ms
step:12450/20000 train_loss:2.0197 train_time:562453ms step_avg:45.18ms
step:12500/20000 train_loss:2.3539 train_time:564653ms step_avg:45.17ms
step:12550/20000 train_loss:2.1242 train_time:566855ms step_avg:45.17ms
step:12600/20000 train_loss:2.0768 train_time:569357ms step_avg:45.19ms
step:12600/20000 val_loss:2.0837 val_bpb:1.2341 train_time:569383ms step_avg:45.19ms
step:12650/20000 train_loss:2.0372 train_time:571559ms step_avg:45.18ms
step:12700/20000 train_loss:2.0734 train_time:573760ms step_avg:45.18ms
step:12750/20000 train_loss:2.0849 train_time:575960ms step_avg:45.17ms
step:12800/20000 train_loss:2.0869 train_time:578377ms step_avg:45.19ms
step:12800/20000 val_loss:2.0753 val_bpb:1.2291 train_time:578403ms step_avg:45.19ms
step:12850/20000 train_loss:1.9930 train_time:580577ms step_avg:45.18ms
step:12900/20000 train_loss:2.1155 train_time:582778ms step_avg:45.18ms
step:12950/20000 train_loss:1.9959 train_time:584978ms step_avg:45.17ms
step:13000/20000 train_loss:2.1613 train_time:587421ms step_avg:45.19ms
step:13000/20000 val_loss:2.0679 val_bpb:1.2247 train_time:587446ms step_avg:45.19ms
step:13050/20000 train_loss:2.0982 train_time:589627ms step_avg:45.18ms
step:13100/20000 train_loss:1.9910 train_time:591827ms step_avg:45.18ms
step:13150/20000 train_loss:2.0501 train_time:594028ms step_avg:45.17ms
step:13200/20000 train_loss:2.1677 train_time:596415ms step_avg:45.18ms
step:13200/20000 val_loss:2.0608 val_bpb:1.2205 train_time:596441ms step_avg:45.18ms
step:13250/20000 train_loss:2.2626 train_time:598617ms step_avg:45.18ms
step:13282/20000 val_loss:2.0593 val_bpb:1.2196 train_time:600051ms step_avg:45.18ms
stopping_early: wallclock_cap train_time:600051ms step:13282/20000
peak memory allocated: 10246 MiB reserved: 10486 MiB
Serialized model: 67224983 bytes
Code size: 47642 bytes
Total submission size: 67272625 bytes
Serialized model int8+zlib: 15810929 bytes (payload:17178912 raw_torch:17224025 payload_ratio:3.91x)
Total submission size int8+zlib: 15858571 bytes
final_int8_zlib_roundtrip val_loss:2.0718 val_bpb:1.2270 eval_time:1420ms
final_int8_zlib_roundtrip_exact val_loss:2.07181856 val_bpb:1.22704765
