W0401 19:40:23.596000 735961 torch/distributed/run.py:803] 
W0401 19:40:23.596000 735961 torch/distributed/run.py:803] *****************************************
W0401 19:40:23.596000 735961 torch/distributed/run.py:803] Setting OMP_NUM_THREADS environment variable for each process to be 1 in default, to avoid your system being overloaded, please further tune the variable for optimal performance in your application as needed. 
W0401 19:40:23.596000 735961 torch/distributed/run.py:803] *****************************************
logs/executor_2026-03-23_LeakyReLU_LegalTTT_ParallelMuon_exact.txt
val_bpb:enabled tokenizer_kind=sentencepiece tokenizer_path=/inspire/hdd/global_user/wanjiaxin-253108030048/code/bag-of-tricks-transformers/parameter-golf/data/tokenizers/fineweb_1024_bpe.model
train_loader:dataset:fineweb10B_sp1024 train_shards:80
val_loader:shards pattern=/inspire/hdd/global_user/wanjiaxin-253108030048/code/bag-of-tricks-transformers/parameter-golf/data/datasets/fineweb10B_sp1024/fineweb_val_*.bin tokens:62021632
model_params:26928220
mtp_num_heads:0 mtp_loss_weight:0.2 mtp_params:0
XSA:last_4 active_layers:[7, 8, 9, 10]
world_size:8 grad_accum_steps:1
sdp_backends:cudnn=False flash=True mem_efficient=False math=False
attention_mode:gqa num_heads:8 num_kv_heads:4
tie_embeddings:True embed_lr:0.035 head_lr:0.0 matrix_lr:0.025 scalar_lr:0.025
train_batch_tokens:786432 train_seq_len:2048 iterations:9000 warmup_steps:20 max_wallclock_seconds:600.000
seed:1337
warmup_step:1/20
warmup_step:2/20
warmup_step:3/20
warmup_step:4/20
warmup_step:5/20
warmup_step:6/20
warmup_step:7/20
warmup_step:8/20
warmup_step:9/20
warmup_step:10/20
warmup_step:11/20
warmup_step:12/20
warmup_step:13/20
warmup_step:14/20
warmup_step:15/20
warmup_step:16/20
warmup_step:17/20
warmup_step:18/20
warmup_step:19/20
warmup_step:20/20
step:0/9000 val_loss:6.9304 val_bpb:4.1046 train_time:0ms step_avg:0.01ms
step:1/9000 train_loss:6.9322 train_time:201ms step_avg:200.54ms
step:2/9000 train_loss:8.6544 train_time:227ms step_avg:113.68ms
step:3/9000 train_loss:7.7446 train_time:308ms step_avg:102.72ms
step:4/9000 train_loss:7.1480 train_time:390ms step_avg:97.38ms
step:5/9000 train_loss:7.1174 train_time:471ms step_avg:94.20ms
step:6/9000 train_loss:7.2114 train_time:552ms step_avg:92.01ms
step:7/9000 train_loss:7.1669 train_time:633ms step_avg:90.46ms
step:8/9000 train_loss:7.0746 train_time:714ms step_avg:89.25ms
step:9/9000 train_loss:6.6474 train_time:794ms step_avg:88.27ms
step:10/9000 train_loss:6.2556 train_time:875ms step_avg:87.54ms
step:500/9000 train_loss:2.3949 train_time:41907ms step_avg:83.81ms
step:1000/9000 train_loss:2.2652 train_time:84011ms step_avg:84.01ms
step:1500/9000 train_loss:2.2133 train_time:126345ms step_avg:84.23ms
step:2000/9000 train_loss:2.0533 train_time:168724ms step_avg:84.36ms
step:2500/9000 train_loss:2.1562 train_time:211132ms step_avg:84.45ms
step:3000/9000 train_loss:2.1496 train_time:253448ms step_avg:84.48ms
step:3500/9000 train_loss:2.1690 train_time:295860ms step_avg:84.53ms
step:4000/9000 train_loss:1.9635 train_time:338115ms step_avg:84.53ms
step:4000/9000 val_loss:2.0555 val_bpb:1.2174 train_time:338171ms step_avg:84.54ms
step:4500/9000 train_loss:2.1157 train_time:380488ms step_avg:84.55ms
step:5000/9000 train_loss:2.0984 train_time:422772ms step_avg:84.55ms
step:5500/9000 train_loss:2.0130 train_time:465000ms step_avg:84.55ms
step:6000/9000 train_loss:1.9382 train_time:507348ms step_avg:84.56ms
swa:start step:6400
step:6500/9000 train_loss:2.0763 train_time:549823ms step_avg:84.59ms
late_qat:enabled step:6568 scale:0.1498
step:7000/9000 train_loss:1.7873 train_time:592855ms step_avg:84.69ms
step:7085/9000 val_loss:1.9232 val_bpb:1.1390 train_time:600112ms step_avg:84.70ms
stopping_early: wallclock_cap train_time:600112ms step:7085/9000
peak memory allocated: 21481 MiB reserved: 22030 MiB
ema:applying EMA weights
DIAGNOSTIC post_ema val_loss:1.9215 val_bpb:1.1380 eval_time:1976ms
Serialized model: 106027446 bytes
Code size: 89458 bytes
Serialized model int6+lzma: 15764020 bytes
Total submission size int6+lzma: 15853478 bytes
final_int6_roundtrip val_loss:1.9356 val_bpb:1.1464 eval_time:17792ms
final_int6_roundtrip_exact val_loss:1.93563413 val_bpb:1.14639156
final_int6_sliding_window val_loss:1.8959 val_bpb:1.1229 stride:64 eval_time:95199ms
final_int6_sliding_window_exact val_loss:1.89591630 val_bpb:1.12287140
final_int8_zlib_roundtrip_exact val_loss:1.89591630 val_bpb:1.12287140
ttt_sliding:start chunks=1893 chunk_tokens=32768 total_windows=969088 stride=64 ttt_lr=0.002 ttt_epochs=3 freeze_blocks=0
ttt_sliding:params unfrozen=26928220 frozen=0
  ttt_chunk [1/1893] bpb=1.160440 time=1.8s
  ttt_chunk [11/1893] bpb=1.148085 time=4.0s
  ttt_chunk [21/1893] bpb=1.133786 time=6.2s
  ttt_chunk [31/1893] bpb=1.131795 time=8.4s
  ttt_chunk [41/1893] bpb=1.118273 time=10.6s
  ttt_chunk [51/1893] bpb=1.112276 time=12.8s
  ttt_chunk [61/1893] bpb=1.118471 time=14.9s
  ttt_chunk [71/1893] bpb=1.117156 time=17.2s
  ttt_chunk [81/1893] bpb=1.116330 time=19.4s
  ttt_chunk [91/1893] bpb=1.117235 time=21.5s
  ttt_chunk [101/1893] bpb=1.120853 time=23.7s
  ttt_chunk [111/1893] bpb=1.123347 time=25.9s
  ttt_chunk [121/1893] bpb=1.116688 time=28.2s
  ttt_chunk [131/1893] bpb=1.116808 time=30.4s
  ttt_chunk [141/1893] bpb=1.122258 time=32.5s
  ttt_chunk [151/1893] bpb=1.124013 time=34.7s
  ttt_chunk [161/1893] bpb=1.123540 time=36.9s
  ttt_chunk [171/1893] bpb=1.127825 time=39.1s
  ttt_chunk [181/1893] bpb=1.130111 time=41.3s
  ttt_chunk [191/1893] bpb=1.137608 time=43.5s
  ttt_chunk [201/1893] bpb=1.136384 time=45.6s
  ttt_chunk [211/1893] bpb=1.134240 time=47.8s
  ttt_chunk [221/1893] bpb=1.135729 time=50.0s
  ttt_chunk [231/1893] bpb=1.134372 time=52.2s
  ttt_chunk [241/1893] bpb=1.134615 time=54.4s
  ttt_chunk [251/1893] bpb=1.134081 time=56.6s
  ttt_chunk [261/1893] bpb=1.131163 time=58.8s
  ttt_chunk [271/1893] bpb=1.130108 time=61.0s
  ttt_chunk [281/1893] bpb=1.131375 time=63.2s
  ttt_chunk [291/1893] bpb=1.133090 time=65.4s
  ttt_chunk [301/1893] bpb=1.133731 time=67.6s
  ttt_chunk [311/1893] bpb=1.135765 time=69.8s
  ttt_chunk [321/1893] bpb=1.137773 time=72.0s
  ttt_chunk [331/1893] bpb=1.137591 time=74.2s
  ttt_chunk [341/1893] bpb=1.136553 time=76.3s
  ttt_chunk [351/1893] bpb=1.138876 time=78.5s
  ttt_chunk [361/1893] bpb=1.139019 time=80.7s
  ttt_chunk [371/1893] bpb=1.138280 time=82.9s
  ttt_chunk [381/1893] bpb=1.138502 time=85.1s
  ttt_chunk [391/1893] bpb=1.138277 time=87.3s
  ttt_chunk [401/1893] bpb=1.136157 time=89.6s
  ttt_chunk [411/1893] bpb=1.135034 time=91.8s
  ttt_chunk [421/1893] bpb=1.134097 time=94.0s
  ttt_chunk [431/1893] bpb=1.133925 time=96.2s
  ttt_chunk [441/1893] bpb=1.134314 time=98.4s
  ttt_chunk [451/1893] bpb=1.134619 time=100.6s
  ttt_chunk [461/1893] bpb=1.133509 time=102.8s
  ttt_chunk [471/1893] bpb=1.134138 time=104.9s
  ttt_chunk [481/1893] bpb=1.133823 time=107.1s
  ttt_chunk [491/1893] bpb=1.132729 time=109.4s
  ttt_chunk [501/1893] bpb=1.132229 time=111.6s
  ttt_chunk [511/1893] bpb=1.131495 time=113.7s
  ttt_chunk [521/1893] bpb=1.129147 time=116.0s
  ttt_chunk [531/1893] bpb=1.130311 time=118.2s
  ttt_chunk [541/1893] bpb=1.130660 time=120.4s
  ttt_chunk [551/1893] bpb=1.129652 time=122.5s
  ttt_chunk [561/1893] bpb=1.130164 time=124.7s
  ttt_chunk [571/1893] bpb=1.129133 time=127.0s
  ttt_chunk [581/1893] bpb=1.128339 time=129.2s
  ttt_chunk [591/1893] bpb=1.127729 time=131.3s
  ttt_chunk [601/1893] bpb=1.128197 time=133.5s
  ttt_chunk [611/1893] bpb=1.128114 time=135.7s
  ttt_chunk [621/1893] bpb=1.127946 time=137.9s
  ttt_chunk [631/1893] bpb=1.128668 time=140.1s
  ttt_chunk [641/1893] bpb=1.128436 time=142.3s
  ttt_chunk [651/1893] bpb=1.128552 time=144.5s
  ttt_chunk [661/1893] bpb=1.128047 time=146.7s
  ttt_chunk [671/1893] bpb=1.128367 time=148.9s
  ttt_chunk [681/1893] bpb=1.129083 time=151.1s
  ttt_chunk [691/1893] bpb=1.130101 time=153.2s
  ttt_chunk [701/1893] bpb=1.129551 time=155.4s
  ttt_chunk [711/1893] bpb=1.129542 time=157.6s
  ttt_chunk [721/1893] bpb=1.129179 time=159.8s
  ttt_chunk [731/1893] bpb=1.129221 time=162.0s
  ttt_chunk [741/1893] bpb=1.129301 time=164.2s
  ttt_chunk [751/1893] bpb=1.129140 time=166.3s
  ttt_chunk [761/1893] bpb=1.129121 time=168.5s
  ttt_chunk [771/1893] bpb=1.128836 time=170.7s
  ttt_chunk [781/1893] bpb=1.129574 time=172.9s
  ttt_chunk [791/1893] bpb=1.129168 time=175.0s
  ttt_chunk [801/1893] bpb=1.129473 time=177.3s
  ttt_chunk [811/1893] bpb=1.129246 time=179.5s
  ttt_chunk [821/1893] bpb=1.129029 time=181.6s
  ttt_chunk [831/1893] bpb=1.128847 time=183.8s
  ttt_chunk [841/1893] bpb=1.128228 time=186.0s
  ttt_chunk [851/1893] bpb=1.127987 time=188.2s
  ttt_chunk [861/1893] bpb=1.127718 time=190.4s
  ttt_chunk [871/1893] bpb=1.127980 time=192.6s
  ttt_chunk [881/1893] bpb=1.128144 time=194.8s
  ttt_chunk [891/1893] bpb=1.127719 time=197.0s
  ttt_chunk [901/1893] bpb=1.127463 time=199.2s
  ttt_chunk [911/1893] bpb=1.127590 time=201.3s
  ttt_chunk [921/1893] bpb=1.128066 time=203.5s
  ttt_chunk [931/1893] bpb=1.128044 time=205.7s
  ttt_chunk [941/1893] bpb=1.127739 time=207.9s
  ttt_chunk [951/1893] bpb=1.128124 time=210.1s
  ttt_chunk [961/1893] bpb=1.128201 time=212.3s
  ttt_chunk [971/1893] bpb=1.129057 time=214.5s
  ttt_chunk [981/1893] bpb=1.129123 time=216.6s
  ttt_chunk [991/1893] bpb=1.129140 time=218.8s
  ttt_chunk [1001/1893] bpb=1.129091 time=221.0s
  ttt_chunk [1011/1893] bpb=1.128867 time=223.2s
  ttt_chunk [1021/1893] bpb=1.129219 time=225.4s
  ttt_chunk [1031/1893] bpb=1.129673 time=227.6s
  ttt_chunk [1041/1893] bpb=1.129318 time=229.8s
  ttt_chunk [1051/1893] bpb=1.129086 time=232.0s
  ttt_chunk [1061/1893] bpb=1.129145 time=234.2s
  ttt_chunk [1071/1893] bpb=1.129758 time=236.5s
  ttt_chunk [1081/1893] bpb=1.130034 time=238.7s
  ttt_chunk [1091/1893] bpb=1.130784 time=240.9s
  ttt_chunk [1101/1893] bpb=1.130815 time=243.0s
  ttt_chunk [1111/1893] bpb=1.130675 time=245.2s
  ttt_chunk [1121/1893] bpb=1.130460 time=247.4s
  ttt_chunk [1131/1893] bpb=1.130325 time=249.6s
  ttt_chunk [1141/1893] bpb=1.130030 time=251.8s
  ttt_chunk [1151/1893] bpb=1.130036 time=254.0s
  ttt_chunk [1161/1893] bpb=1.129642 time=256.2s
  ttt_chunk [1171/1893] bpb=1.129971 time=258.4s
  ttt_chunk [1181/1893] bpb=1.129229 time=260.6s
  ttt_chunk [1191/1893] bpb=1.129103 time=262.8s
  ttt_chunk [1201/1893] bpb=1.129500 time=265.0s
  ttt_chunk [1211/1893] bpb=1.129010 time=267.1s
  ttt_chunk [1221/1893] bpb=1.128695 time=269.4s
  ttt_chunk [1231/1893] bpb=1.128421 time=271.6s
  ttt_chunk [1241/1893] bpb=1.128095 time=273.8s
  ttt_chunk [1251/1893] bpb=1.127500 time=276.0s
  ttt_chunk [1261/1893] bpb=1.127478 time=278.2s
  ttt_chunk [1271/1893] bpb=1.127092 time=280.4s
  ttt_chunk [1281/1893] bpb=1.126915 time=282.6s
  ttt_chunk [1291/1893] bpb=1.126685 time=284.8s
  ttt_chunk [1301/1893] bpb=1.126106 time=287.0s
  ttt_chunk [1311/1893] bpb=1.125706 time=289.2s
  ttt_chunk [1321/1893] bpb=1.125377 time=291.4s
  ttt_chunk [1331/1893] bpb=1.125321 time=293.6s
  ttt_chunk [1341/1893] bpb=1.125205 time=295.8s
  ttt_chunk [1351/1893] bpb=1.125135 time=298.0s
  ttt_chunk [1361/1893] bpb=1.125186 time=300.2s
  ttt_chunk [1371/1893] bpb=1.125045 time=302.4s
  ttt_chunk [1381/1893] bpb=1.125036 time=304.6s
  ttt_chunk [1391/1893] bpb=1.124627 time=306.7s
  ttt_chunk [1401/1893] bpb=1.124583 time=309.0s
  ttt_chunk [1411/1893] bpb=1.124703 time=311.1s
  ttt_chunk [1421/1893] bpb=1.124964 time=313.3s
  ttt_chunk [1431/1893] bpb=1.124700 time=315.5s
  ttt_chunk [1441/1893] bpb=1.125207 time=317.7s
  ttt_chunk [1451/1893] bpb=1.125552 time=319.9s
  ttt_chunk [1461/1893] bpb=1.125106 time=322.1s
  ttt_chunk [1471/1893] bpb=1.126143 time=324.3s
  ttt_chunk [1481/1893] bpb=1.125694 time=326.5s
  ttt_chunk [1491/1893] bpb=1.125515 time=328.7s
  ttt_chunk [1501/1893] bpb=1.125419 time=330.9s
  ttt_chunk [1511/1893] bpb=1.125441 time=333.1s
  ttt_chunk [1521/1893] bpb=1.125450 time=335.3s
  ttt_chunk [1531/1893] bpb=1.124951 time=337.5s
  ttt_chunk [1541/1893] bpb=1.124816 time=339.7s
  ttt_chunk [1551/1893] bpb=1.125144 time=341.9s
  ttt_chunk [1561/1893] bpb=1.125151 time=344.1s
  ttt_chunk [1571/1893] bpb=1.124995 time=346.3s
  ttt_chunk [1581/1893] bpb=1.125116 time=348.6s
  ttt_chunk [1591/1893] bpb=1.124984 time=350.7s
  ttt_chunk [1601/1893] bpb=1.125159 time=352.9s
  ttt_chunk [1611/1893] bpb=1.125107 time=355.1s
  ttt_chunk [1621/1893] bpb=1.124720 time=357.3s
  ttt_chunk [1631/1893] bpb=1.125022 time=359.5s
  ttt_chunk [1641/1893] bpb=1.125026 time=361.6s
  ttt_chunk [1651/1893] bpb=1.124979 time=363.8s
  ttt_chunk [1661/1893] bpb=1.124875 time=366.0s
  ttt_chunk [1671/1893] bpb=1.125353 time=368.2s
  ttt_chunk [1681/1893] bpb=1.125494 time=370.4s
  ttt_chunk [1691/1893] bpb=1.125322 time=372.6s
  ttt_chunk [1701/1893] bpb=1.125488 time=374.8s
  ttt_chunk [1711/1893] bpb=1.125485 time=376.9s
  ttt_chunk [1721/1893] bpb=1.125481 time=379.2s
  ttt_chunk [1731/1893] bpb=1.125361 time=381.3s
  ttt_chunk [1741/1893] bpb=1.125164 time=383.5s
  ttt_chunk [1751/1893] bpb=1.124992 time=385.7s
  ttt_chunk [1761/1893] bpb=1.125139 time=387.9s
  ttt_chunk [1771/1893] bpb=1.125043 time=390.1s
  ttt_chunk [1781/1893] bpb=1.125069 time=392.3s
  ttt_chunk [1791/1893] bpb=1.124667 time=394.4s
  ttt_chunk [1801/1893] bpb=1.124545 time=396.6s
  ttt_chunk [1811/1893] bpb=1.124433 time=398.9s
  ttt_chunk [1821/1893] bpb=1.124507 time=401.0s
  ttt_chunk [1831/1893] bpb=1.123910 time=403.2s
  ttt_chunk [1841/1893] bpb=1.123847 time=405.4s
  ttt_chunk [1851/1893] bpb=1.123637 time=407.6s
  ttt_chunk [1861/1893] bpb=1.123266 time=409.8s
  ttt_chunk [1871/1893] bpb=1.123243 time=412.0s
  ttt_chunk [1881/1893] bpb=1.122790 time=414.2s
  ttt_chunk [1891/1893] bpb=1.122561 time=416.3s
  ttt_chunk [1893/1893] bpb=1.122600 time=416.6s
ttt_sliding:done val_loss=1.891748 val_bpb=1.120403 elapsed=416.7s
legal_ttt val_loss:1.8917 val_bpb:1.1204 eval_time:417287ms
legal_ttt_exact val_loss:1.89174840 val_bpb:1.12040293
