W0401 16:33:58.072000 1892637 torch/distributed/run.py:774] 
W0401 16:33:58.072000 1892637 torch/distributed/run.py:774] *****************************************
W0401 16:33:58.072000 1892637 torch/distributed/run.py:774] Setting OMP_NUM_THREADS environment variable for each process to be 1 in default, to avoid your system being overloaded, please further tune the variable for optimal performance in your application as needed. 
W0401 16:33:58.072000 1892637 torch/distributed/run.py:774] *****************************************
logs/executor_2026-03-19_10L_MixedPrecision_exact.txt
val_bpb:enabled tokenizer_kind=sentencepiece tokenizer_path=/inspire/hdd/global_user/wanjiaxin-253108030048/code/bag-of-tricks-transformers/parameter-golf/data/tokenizers/fineweb_1024_bpe.model
train_loader:dataset:fineweb10B_sp1024 train_shards:80
val_loader:shards pattern=/inspire/hdd/global_user/wanjiaxin-253108030048/code/bag-of-tricks-transformers/parameter-golf/data/datasets/fineweb10B_sp1024/fineweb_val_*.bin tokens:62021632
model_params:18897488
world_size:8 grad_accum_steps:1
sdp_backends:cudnn=False flash=True mem_efficient=False math=False
attention_mode:gqa num_heads:8 num_kv_heads:4
tie_embeddings:True embed_lr:0.03 head_lr:0.0 matrix_lr:0.02 scalar_lr:0.02
train_batch_tokens:524288 train_seq_len:1024 iterations:20000 warmup_steps:20 max_wallclock_seconds:600.000
seed:1337
warmup_step:1/20
warmup_step:2/20
warmup_step:3/20
warmup_step:4/20
warmup_step:5/20
warmup_step:6/20
warmup_step:7/20
warmup_step:8/20
warmup_step:9/20
warmup_step:10/20
warmup_step:11/20
warmup_step:12/20
warmup_step:13/20
warmup_step:14/20
warmup_step:15/20
warmup_step:16/20
warmup_step:17/20
warmup_step:18/20
warmup_step:19/20
warmup_step:20/20
step:0/20000 val_loss:6.9363 val_bpb:4.1080 train_time:0ms step_avg:0.02ms
step:1/20000 train_loss:6.9355 train_time:33ms step_avg:33.19ms
step:2/20000 train_loss:12.1231 train_time:80ms step_avg:40.07ms
step:3/20000 train_loss:7.2165 train_time:129ms step_avg:42.96ms
step:4/20000 train_loss:6.4176 train_time:178ms step_avg:44.38ms
step:5/20000 train_loss:6.8785 train_time:226ms step_avg:45.29ms
step:6/20000 train_loss:7.6248 train_time:275ms step_avg:45.91ms
step:7/20000 train_loss:6.8405 train_time:324ms step_avg:46.31ms
step:8/20000 train_loss:6.4519 train_time:373ms step_avg:46.67ms
step:9/20000 train_loss:6.2575 train_time:422ms step_avg:46.91ms
step:10/20000 train_loss:6.1774 train_time:471ms step_avg:47.11ms
step:50/20000 train_loss:4.0511 train_time:2418ms step_avg:48.36ms
step:100/20000 train_loss:3.2342 train_time:4851ms step_avg:48.51ms
step:150/20000 train_loss:2.9375 train_time:7282ms step_avg:48.55ms
step:200/20000 train_loss:2.7711 train_time:9898ms step_avg:49.49ms
step:200/20000 val_loss:2.7460 val_bpb:1.6263 train_time:9922ms step_avg:49.61ms
step:250/20000 train_loss:2.6645 train_time:12329ms step_avg:49.32ms
step:300/20000 train_loss:2.4250 train_time:14757ms step_avg:49.19ms
step:350/20000 train_loss:2.6234 train_time:17188ms step_avg:49.11ms
step:400/20000 train_loss:2.3080 train_time:19791ms step_avg:49.48ms
step:400/20000 val_loss:2.5204 val_bpb:1.4927 train_time:19815ms step_avg:49.54ms
step:450/20000 train_loss:2.4576 train_time:22220ms step_avg:49.38ms
step:500/20000 train_loss:2.4560 train_time:24648ms step_avg:49.30ms
step:550/20000 train_loss:2.3681 train_time:27074ms step_avg:49.23ms
step:600/20000 train_loss:2.5195 train_time:29677ms step_avg:49.46ms
step:600/20000 val_loss:2.4162 val_bpb:1.4310 train_time:29701ms step_avg:49.50ms
step:650/20000 train_loss:2.3569 train_time:32109ms step_avg:49.40ms
step:700/20000 train_loss:2.4127 train_time:34541ms step_avg:49.34ms
step:750/20000 train_loss:2.2494 train_time:36973ms step_avg:49.30ms
step:800/20000 train_loss:2.2658 train_time:39622ms step_avg:49.53ms
step:800/20000 val_loss:2.3538 val_bpb:1.3941 train_time:39646ms step_avg:49.56ms
step:850/20000 train_loss:2.6939 train_time:42052ms step_avg:49.47ms
step:900/20000 train_loss:2.3084 train_time:44482ms step_avg:49.42ms
step:950/20000 train_loss:2.3693 train_time:46922ms step_avg:49.39ms
step:1000/20000 train_loss:2.3500 train_time:49537ms step_avg:49.54ms
step:1000/20000 val_loss:2.3095 val_bpb:1.3678 train_time:49561ms step_avg:49.56ms
step:1050/20000 train_loss:2.4597 train_time:51968ms step_avg:49.49ms
step:1100/20000 train_loss:2.2393 train_time:54396ms step_avg:49.45ms
step:1150/20000 train_loss:2.2242 train_time:56988ms step_avg:49.56ms
step:1200/20000 train_loss:2.3608 train_time:59418ms step_avg:49.51ms
step:1200/20000 val_loss:2.2795 val_bpb:1.3501 train_time:59442ms step_avg:49.53ms
step:1250/20000 train_loss:2.1859 train_time:61849ms step_avg:49.48ms
step:1300/20000 train_loss:2.3360 train_time:64278ms step_avg:49.44ms
step:1350/20000 train_loss:2.2504 train_time:66915ms step_avg:49.57ms
step:1400/20000 train_loss:2.4101 train_time:69344ms step_avg:49.53ms
step:1400/20000 val_loss:2.2572 val_bpb:1.3369 train_time:69369ms step_avg:49.55ms
step:1450/20000 train_loss:2.2108 train_time:71779ms step_avg:49.50ms
step:1500/20000 train_loss:2.2014 train_time:74207ms step_avg:49.47ms
step:1550/20000 train_loss:2.1328 train_time:76839ms step_avg:49.57ms
step:1600/20000 train_loss:2.0736 train_time:79269ms step_avg:49.54ms
step:1600/20000 val_loss:2.2427 val_bpb:1.3282 train_time:79293ms step_avg:49.56ms
step:1650/20000 train_loss:2.2095 train_time:81699ms step_avg:49.51ms
step:1700/20000 train_loss:2.1549 train_time:84127ms step_avg:49.49ms
step:1750/20000 train_loss:2.2326 train_time:86774ms step_avg:49.59ms
step:1800/20000 train_loss:2.1765 train_time:89204ms step_avg:49.56ms
step:1800/20000 val_loss:2.2281 val_bpb:1.3196 train_time:89228ms step_avg:49.57ms
step:1850/20000 train_loss:2.2865 train_time:91633ms step_avg:49.53ms
step:1900/20000 train_loss:2.1677 train_time:94064ms step_avg:49.51ms
step:1950/20000 train_loss:2.1914 train_time:96687ms step_avg:49.58ms
step:2000/20000 train_loss:2.2295 train_time:99117ms step_avg:49.56ms
step:2000/20000 val_loss:2.2132 val_bpb:1.3108 train_time:99141ms step_avg:49.57ms
step:2050/20000 train_loss:2.2288 train_time:101549ms step_avg:49.54ms
step:2100/20000 train_loss:2.2433 train_time:104129ms step_avg:49.59ms
step:2150/20000 train_loss:2.1658 train_time:106558ms step_avg:49.56ms
step:2200/20000 train_loss:2.0501 train_time:108995ms step_avg:49.54ms
step:2200/20000 val_loss:2.2049 val_bpb:1.3059 train_time:109019ms step_avg:49.55ms
step:2250/20000 train_loss:2.1388 train_time:111426ms step_avg:49.52ms
step:2300/20000 train_loss:2.3583 train_time:114090ms step_avg:49.60ms
step:2350/20000 train_loss:2.1758 train_time:116520ms step_avg:49.58ms
step:2400/20000 train_loss:2.1796 train_time:118950ms step_avg:49.56ms
step:2400/20000 val_loss:2.1943 val_bpb:1.2996 train_time:118974ms step_avg:49.57ms
step:2450/20000 train_loss:2.1827 train_time:121383ms step_avg:49.54ms
step:2500/20000 train_loss:2.0999 train_time:124006ms step_avg:49.60ms
step:2550/20000 train_loss:2.1174 train_time:126439ms step_avg:49.58ms
step:2600/20000 train_loss:2.3882 train_time:128868ms step_avg:49.56ms
step:2600/20000 val_loss:2.1925 val_bpb:1.2985 train_time:128892ms step_avg:49.57ms
step:2650/20000 train_loss:2.2209 train_time:131302ms step_avg:49.55ms
step:2700/20000 train_loss:2.1339 train_time:133943ms step_avg:49.61ms
step:2750/20000 train_loss:2.3376 train_time:136372ms step_avg:49.59ms
step:2800/20000 train_loss:2.2109 train_time:138800ms step_avg:49.57ms
step:2800/20000 val_loss:2.1795 val_bpb:1.2908 train_time:138825ms step_avg:49.58ms
step:2850/20000 train_loss:2.1650 train_time:141232ms step_avg:49.56ms
step:2900/20000 train_loss:2.1575 train_time:143947ms step_avg:49.64ms
step:2950/20000 train_loss:2.2176 train_time:146376ms step_avg:49.62ms
step:3000/20000 train_loss:2.2014 train_time:148806ms step_avg:49.60ms
step:3000/20000 val_loss:2.1721 val_bpb:1.2864 train_time:148830ms step_avg:49.61ms
step:3050/20000 train_loss:2.1463 train_time:151236ms step_avg:49.59ms
step:3100/20000 train_loss:2.1891 train_time:153862ms step_avg:49.63ms
step:3150/20000 train_loss:2.1396 train_time:156291ms step_avg:49.62ms
step:3200/20000 train_loss:2.1656 train_time:158720ms step_avg:49.60ms
step:3200/20000 val_loss:2.1675 val_bpb:1.2837 train_time:158744ms step_avg:49.61ms
step:3250/20000 train_loss:2.0671 train_time:161328ms step_avg:49.64ms
step:3300/20000 train_loss:2.2138 train_time:163757ms step_avg:49.62ms
step:3350/20000 train_loss:2.0721 train_time:166185ms step_avg:49.61ms
step:3400/20000 train_loss:2.1321 train_time:168615ms step_avg:49.59ms
step:3400/20000 val_loss:2.1642 val_bpb:1.2818 train_time:168639ms step_avg:49.60ms
step:3450/20000 train_loss:2.0883 train_time:171295ms step_avg:49.65ms
step:3500/20000 train_loss:2.2281 train_time:173723ms step_avg:49.64ms
step:3550/20000 train_loss:2.3657 train_time:176151ms step_avg:49.62ms
step:3600/20000 train_loss:2.0965 train_time:178582ms step_avg:49.61ms
step:3600/20000 val_loss:2.1563 val_bpb:1.2771 train_time:178607ms step_avg:49.61ms
step:3650/20000 train_loss:2.1998 train_time:181159ms step_avg:49.63ms
step:3700/20000 train_loss:2.1237 train_time:183587ms step_avg:49.62ms
step:3750/20000 train_loss:2.1221 train_time:186017ms step_avg:49.60ms
step:3800/20000 train_loss:2.2005 train_time:188446ms step_avg:49.59ms
step:3800/20000 val_loss:2.1528 val_bpb:1.2750 train_time:188470ms step_avg:49.60ms
step:3850/20000 train_loss:2.1518 train_time:191133ms step_avg:49.64ms
step:3900/20000 train_loss:1.9641 train_time:193564ms step_avg:49.63ms
step:3950/20000 train_loss:2.1047 train_time:195996ms step_avg:49.62ms
step:4000/20000 train_loss:2.1380 train_time:198425ms step_avg:49.61ms
step:4000/20000 val_loss:2.1481 val_bpb:1.2722 train_time:198449ms step_avg:49.61ms
step:4050/20000 train_loss:2.0802 train_time:201063ms step_avg:49.65ms
step:4100/20000 train_loss:2.1683 train_time:203493ms step_avg:49.63ms
step:4150/20000 train_loss:2.3040 train_time:205922ms step_avg:49.62ms
step:4200/20000 train_loss:2.1577 train_time:208636ms step_avg:49.68ms
step:4200/20000 val_loss:2.1437 val_bpb:1.2696 train_time:208660ms step_avg:49.68ms
step:4250/20000 train_loss:2.1032 train_time:211077ms step_avg:49.67ms
step:4300/20000 train_loss:2.0058 train_time:213506ms step_avg:49.65ms
step:4350/20000 train_loss:2.1915 train_time:215937ms step_avg:49.64ms
step:4400/20000 train_loss:2.0905 train_time:218521ms step_avg:49.66ms
step:4400/20000 val_loss:2.1443 val_bpb:1.2700 train_time:218545ms step_avg:49.67ms
step:4450/20000 train_loss:2.0445 train_time:220952ms step_avg:49.65ms
step:4500/20000 train_loss:2.2356 train_time:223381ms step_avg:49.64ms
step:4550/20000 train_loss:2.0328 train_time:225810ms step_avg:49.63ms
step:4600/20000 train_loss:1.9483 train_time:228460ms step_avg:49.67ms
step:4600/20000 val_loss:2.1396 val_bpb:1.2672 train_time:228484ms step_avg:49.67ms
step:4650/20000 train_loss:2.0568 train_time:230891ms step_avg:49.65ms
step:4700/20000 train_loss:2.2437 train_time:233321ms step_avg:49.64ms
step:4750/20000 train_loss:1.9511 train_time:235750ms step_avg:49.63ms
step:4800/20000 train_loss:2.2459 train_time:238356ms step_avg:49.66ms
step:4800/20000 val_loss:2.1355 val_bpb:1.2647 train_time:238381ms step_avg:49.66ms
step:4850/20000 train_loss:2.1301 train_time:240788ms step_avg:49.65ms
step:4900/20000 train_loss:2.1437 train_time:243218ms step_avg:49.64ms
step:4950/20000 train_loss:2.3208 train_time:245647ms step_avg:49.63ms
step:5000/20000 train_loss:2.0103 train_time:248303ms step_avg:49.66ms
step:5000/20000 val_loss:2.1307 val_bpb:1.2619 train_time:248327ms step_avg:49.67ms
step:5050/20000 train_loss:2.1788 train_time:250733ms step_avg:49.65ms
step:5100/20000 train_loss:2.0068 train_time:253165ms step_avg:49.64ms
step:5150/20000 train_loss:2.2556 train_time:255763ms step_avg:49.66ms
step:5200/20000 train_loss:2.1513 train_time:258191ms step_avg:49.65ms
step:5200/20000 val_loss:2.1311 val_bpb:1.2621 train_time:258215ms step_avg:49.66ms
step:5250/20000 train_loss:2.0985 train_time:260620ms step_avg:49.64ms
step:5300/20000 train_loss:2.1926 train_time:263050ms step_avg:49.63ms
step:5350/20000 train_loss:2.1175 train_time:265686ms step_avg:49.66ms
step:5400/20000 train_loss:2.1641 train_time:268114ms step_avg:49.65ms
step:5400/20000 val_loss:2.1268 val_bpb:1.2596 train_time:268138ms step_avg:49.66ms
step:5450/20000 train_loss:2.1752 train_time:270546ms step_avg:49.64ms
step:5500/20000 train_loss:2.1144 train_time:272981ms step_avg:49.63ms
step:5550/20000 train_loss:2.0837 train_time:275664ms step_avg:49.67ms
step:5600/20000 train_loss:2.1601 train_time:278094ms step_avg:49.66ms
step:5600/20000 val_loss:2.1265 val_bpb:1.2594 train_time:278118ms step_avg:49.66ms
step:5650/20000 train_loss:2.0361 train_time:280525ms step_avg:49.65ms
step:5700/20000 train_loss:2.1552 train_time:282954ms step_avg:49.64ms
step:5750/20000 train_loss:2.1947 train_time:285601ms step_avg:49.67ms
step:5800/20000 train_loss:2.1235 train_time:288031ms step_avg:49.66ms
step:5800/20000 val_loss:2.1235 val_bpb:1.2577 train_time:288055ms step_avg:49.66ms
step:5850/20000 train_loss:2.1566 train_time:290463ms step_avg:49.65ms
step:5900/20000 train_loss:2.0746 train_time:292892ms step_avg:49.64ms
step:5950/20000 train_loss:2.1127 train_time:295575ms step_avg:49.68ms
step:6000/20000 train_loss:2.2042 train_time:298007ms step_avg:49.67ms
step:6000/20000 val_loss:2.1212 val_bpb:1.2563 train_time:298031ms step_avg:49.67ms
step:6050/20000 train_loss:2.1017 train_time:300438ms step_avg:49.66ms
step:6100/20000 train_loss:2.0964 train_time:302866ms step_avg:49.65ms
step:6150/20000 train_loss:2.0782 train_time:305467ms step_avg:49.67ms
step:6200/20000 train_loss:2.0661 train_time:307896ms step_avg:49.66ms
step:6200/20000 val_loss:2.1190 val_bpb:1.2550 train_time:307920ms step_avg:49.66ms
step:6250/20000 train_loss:2.1325 train_time:310325ms step_avg:49.65ms
step:6300/20000 train_loss:2.0131 train_time:312896ms step_avg:49.67ms
step:6350/20000 train_loss:2.0010 train_time:315327ms step_avg:49.66ms
step:6400/20000 train_loss:2.1416 train_time:317757ms step_avg:49.65ms
step:6400/20000 val_loss:2.1163 val_bpb:1.2534 train_time:317781ms step_avg:49.65ms
step:6450/20000 train_loss:2.0546 train_time:320187ms step_avg:49.64ms
step:6500/20000 train_loss:2.0528 train_time:322779ms step_avg:49.66ms
step:6550/20000 train_loss:2.1865 train_time:325210ms step_avg:49.65ms
step:6600/20000 train_loss:2.1006 train_time:327639ms step_avg:49.64ms
step:6600/20000 val_loss:2.1130 val_bpb:1.2514 train_time:327663ms step_avg:49.65ms
step:6650/20000 train_loss:2.2731 train_time:330070ms step_avg:49.63ms
step:6700/20000 train_loss:2.1334 train_time:332693ms step_avg:49.66ms
step:6750/20000 train_loss:2.3065 train_time:335124ms step_avg:49.65ms
step:6800/20000 train_loss:2.1714 train_time:337553ms step_avg:49.64ms
step:6800/20000 val_loss:2.1122 val_bpb:1.2509 train_time:337577ms step_avg:49.64ms
step:6850/20000 train_loss:2.0010 train_time:339988ms step_avg:49.63ms
step:6900/20000 train_loss:2.0709 train_time:342585ms step_avg:49.65ms
step:6950/20000 train_loss:2.1549 train_time:345015ms step_avg:49.64ms
step:7000/20000 train_loss:2.2020 train_time:347445ms step_avg:49.63ms
step:7000/20000 val_loss:2.1095 val_bpb:1.2494 train_time:347469ms step_avg:49.64ms
step:7050/20000 train_loss:2.2344 train_time:349879ms step_avg:49.63ms
step:7100/20000 train_loss:2.0444 train_time:352471ms step_avg:49.64ms
step:7150/20000 train_loss:2.1267 train_time:354901ms step_avg:49.64ms
step:7200/20000 train_loss:2.1738 train_time:357331ms step_avg:49.63ms
step:7200/20000 val_loss:2.1087 val_bpb:1.2489 train_time:357355ms step_avg:49.63ms
step:7250/20000 train_loss:2.0819 train_time:359942ms step_avg:49.65ms
step:7300/20000 train_loss:2.0612 train_time:362371ms step_avg:49.64ms
step:7350/20000 train_loss:2.1549 train_time:364801ms step_avg:49.63ms
step:7400/20000 train_loss:2.0950 train_time:367232ms step_avg:49.63ms
step:7400/20000 val_loss:2.1065 val_bpb:1.2476 train_time:367256ms step_avg:49.63ms
step:7450/20000 train_loss:2.0920 train_time:369840ms step_avg:49.64ms
step:7500/20000 train_loss:2.0925 train_time:372271ms step_avg:49.64ms
step:7550/20000 train_loss:2.1460 train_time:374700ms step_avg:49.63ms
step:7600/20000 train_loss:1.9758 train_time:377132ms step_avg:49.62ms
step:7600/20000 val_loss:2.1051 val_bpb:1.2467 train_time:377156ms step_avg:49.63ms
step:7650/20000 train_loss:2.2581 train_time:379735ms step_avg:49.64ms
step:7700/20000 train_loss:2.0681 train_time:382165ms step_avg:49.63ms
step:7750/20000 train_loss:2.0867 train_time:384596ms step_avg:49.63ms
step:7800/20000 train_loss:2.1247 train_time:387027ms step_avg:49.62ms
step:7800/20000 val_loss:2.1029 val_bpb:1.2454 train_time:387052ms step_avg:49.62ms
step:7850/20000 train_loss:1.9824 train_time:389587ms step_avg:49.63ms
step:7900/20000 train_loss:2.1110 train_time:392016ms step_avg:49.62ms
step:7950/20000 train_loss:2.0749 train_time:394445ms step_avg:49.62ms
step:8000/20000 train_loss:2.0949 train_time:396875ms step_avg:49.61ms
step:8000/20000 val_loss:2.0999 val_bpb:1.2437 train_time:396899ms step_avg:49.61ms
step:8050/20000 train_loss:2.0588 train_time:399533ms step_avg:49.63ms
step:8100/20000 train_loss:2.1247 train_time:401963ms step_avg:49.63ms
step:8150/20000 train_loss:2.2324 train_time:404393ms step_avg:49.62ms
step:8200/20000 train_loss:2.1679 train_time:406822ms step_avg:49.61ms
step:8200/20000 val_loss:2.0989 val_bpb:1.2431 train_time:406846ms step_avg:49.62ms
step:8250/20000 train_loss:2.1250 train_time:409438ms step_avg:49.63ms
step:8300/20000 train_loss:2.1018 train_time:411867ms step_avg:49.62ms
step:8350/20000 train_loss:2.2060 train_time:414297ms step_avg:49.62ms
step:8400/20000 train_loss:2.1141 train_time:416993ms step_avg:49.64ms
step:8400/20000 val_loss:2.0987 val_bpb:1.2430 train_time:417017ms step_avg:49.64ms
step:8450/20000 train_loss:2.2067 train_time:419426ms step_avg:49.64ms
step:8500/20000 train_loss:2.1072 train_time:421856ms step_avg:49.63ms
step:8550/20000 train_loss:2.1754 train_time:424300ms step_avg:49.63ms
step:8600/20000 train_loss:2.1158 train_time:426967ms step_avg:49.65ms
step:8600/20000 val_loss:2.0958 val_bpb:1.2413 train_time:426991ms step_avg:49.65ms
step:8650/20000 train_loss:2.0754 train_time:429398ms step_avg:49.64ms
step:8700/20000 train_loss:2.0213 train_time:431828ms step_avg:49.64ms
step:8750/20000 train_loss:2.1692 train_time:434259ms step_avg:49.63ms
step:8800/20000 train_loss:2.0771 train_time:436889ms step_avg:49.65ms
step:8800/20000 val_loss:2.0947 val_bpb:1.2406 train_time:436913ms step_avg:49.65ms
step:8850/20000 train_loss:2.2894 train_time:439320ms step_avg:49.64ms
step:8900/20000 train_loss:2.1754 train_time:441753ms step_avg:49.64ms
step:8950/20000 train_loss:2.1355 train_time:444184ms step_avg:49.63ms
step:9000/20000 train_loss:2.0041 train_time:446833ms step_avg:49.65ms
step:9000/20000 val_loss:2.0953 val_bpb:1.2410 train_time:446857ms step_avg:49.65ms
step:9050/20000 train_loss:2.0389 train_time:449264ms step_avg:49.64ms
step:9100/20000 train_loss:2.2811 train_time:451694ms step_avg:49.64ms
step:9150/20000 train_loss:1.9783 train_time:454125ms step_avg:49.63ms
step:9200/20000 train_loss:2.0602 train_time:456740ms step_avg:49.65ms
step:9200/20000 val_loss:2.0932 val_bpb:1.2397 train_time:456764ms step_avg:49.65ms
step:9250/20000 train_loss:2.1746 train_time:459171ms step_avg:49.64ms
step:9300/20000 train_loss:2.1041 train_time:461607ms step_avg:49.64ms
step:9350/20000 train_loss:2.2060 train_time:464252ms step_avg:49.65ms
step:9400/20000 train_loss:2.1125 train_time:466683ms step_avg:49.65ms
step:9400/20000 val_loss:2.0912 val_bpb:1.2385 train_time:466707ms step_avg:49.65ms
step:9450/20000 train_loss:2.1392 train_time:469113ms step_avg:49.64ms
step:9500/20000 train_loss:2.2399 train_time:471543ms step_avg:49.64ms
step:9550/20000 train_loss:2.1799 train_time:474154ms step_avg:49.65ms
step:9600/20000 train_loss:2.1251 train_time:476585ms step_avg:49.64ms
step:9600/20000 val_loss:2.0900 val_bpb:1.2378 train_time:476609ms step_avg:49.65ms
step:9650/20000 train_loss:2.0716 train_time:479015ms step_avg:49.64ms
step:9700/20000 train_loss:2.0840 train_time:481445ms step_avg:49.63ms
step:9750/20000 train_loss:2.0417 train_time:484041ms step_avg:49.65ms
step:9800/20000 train_loss:2.0470 train_time:486469ms step_avg:49.64ms
step:9800/20000 val_loss:2.0917 val_bpb:1.2388 train_time:486493ms step_avg:49.64ms
step:9850/20000 train_loss:2.0100 train_time:488902ms step_avg:49.63ms
step:9900/20000 train_loss:2.1287 train_time:491334ms step_avg:49.63ms
step:9950/20000 train_loss:1.9993 train_time:493961ms step_avg:49.64ms
step:10000/20000 train_loss:2.0882 train_time:496392ms step_avg:49.64ms
step:10000/20000 val_loss:2.0895 val_bpb:1.2375 train_time:496416ms step_avg:49.64ms
step:10050/20000 train_loss:2.0815 train_time:498823ms step_avg:49.63ms
step:10100/20000 train_loss:2.0685 train_time:501254ms step_avg:49.63ms
step:10150/20000 train_loss:2.0399 train_time:503897ms step_avg:49.65ms
step:10200/20000 train_loss:2.0432 train_time:506328ms step_avg:49.64ms
step:10200/20000 val_loss:2.0864 val_bpb:1.2357 train_time:506352ms step_avg:49.64ms
step:10250/20000 train_loss:2.0476 train_time:508758ms step_avg:49.63ms
step:10300/20000 train_loss:2.1705 train_time:511422ms step_avg:49.65ms
step:10350/20000 train_loss:2.1071 train_time:513855ms step_avg:49.65ms
step:10400/20000 train_loss:2.0754 train_time:516285ms step_avg:49.64ms
step:10400/20000 val_loss:2.0864 val_bpb:1.2357 train_time:516309ms step_avg:49.65ms
step:10450/20000 train_loss:2.0620 train_time:518716ms step_avg:49.64ms
step:10500/20000 train_loss:1.9607 train_time:521302ms step_avg:49.65ms
step:10550/20000 train_loss:1.9852 train_time:523738ms step_avg:49.64ms
step:10600/20000 train_loss:1.9565 train_time:526168ms step_avg:49.64ms
step:10600/20000 val_loss:2.0867 val_bpb:1.2358 train_time:526193ms step_avg:49.64ms
step:10650/20000 train_loss:2.1714 train_time:528600ms step_avg:49.63ms
step:10700/20000 train_loss:2.0532 train_time:531248ms step_avg:49.65ms
step:10750/20000 train_loss:2.1127 train_time:533679ms step_avg:49.64ms
step:10800/20000 train_loss:2.1688 train_time:536114ms step_avg:49.64ms
step:10800/20000 val_loss:2.0840 val_bpb:1.2343 train_time:536138ms step_avg:49.64ms
step:10850/20000 train_loss:2.1147 train_time:538547ms step_avg:49.64ms
step:10900/20000 train_loss:2.1275 train_time:541165ms step_avg:49.65ms
step:10950/20000 train_loss:2.0904 train_time:543598ms step_avg:49.64ms
step:11000/20000 train_loss:2.0874 train_time:546030ms step_avg:49.64ms
step:11000/20000 val_loss:2.0803 val_bpb:1.2320 train_time:546054ms step_avg:49.64ms
step:11050/20000 train_loss:2.0495 train_time:548461ms step_avg:49.63ms
step:11100/20000 train_loss:2.0278 train_time:551095ms step_avg:49.65ms
step:11150/20000 train_loss:2.1305 train_time:553527ms step_avg:49.64ms
step:11200/20000 train_loss:2.0398 train_time:555958ms step_avg:49.64ms
step:11200/20000 val_loss:2.0728 val_bpb:1.2276 train_time:555982ms step_avg:49.64ms
step:11250/20000 train_loss:1.9228 train_time:558390ms step_avg:49.63ms
step:11300/20000 train_loss:1.9599 train_time:561016ms step_avg:49.65ms
step:11350/20000 train_loss:1.9409 train_time:563446ms step_avg:49.64ms
step:11400/20000 train_loss:2.0137 train_time:565878ms step_avg:49.64ms
step:11400/20000 val_loss:2.0658 val_bpb:1.2235 train_time:565902ms step_avg:49.64ms
step:11450/20000 train_loss:2.0065 train_time:568447ms step_avg:49.65ms
step:11500/20000 train_loss:2.0637 train_time:570879ms step_avg:49.64ms
step:11550/20000 train_loss:2.0653 train_time:573309ms step_avg:49.64ms
step:11600/20000 train_loss:2.0178 train_time:575745ms step_avg:49.63ms
step:11600/20000 val_loss:2.0576 val_bpb:1.2186 train_time:575769ms step_avg:49.64ms
step:11650/20000 train_loss:2.1363 train_time:578431ms step_avg:49.65ms
step:11700/20000 train_loss:2.1650 train_time:580863ms step_avg:49.65ms
step:11750/20000 train_loss:2.0730 train_time:583299ms step_avg:49.64ms
step:11800/20000 train_loss:2.0416 train_time:585730ms step_avg:49.64ms
step:11800/20000 val_loss:2.0499 val_bpb:1.2140 train_time:585754ms step_avg:49.64ms
step:11850/20000 train_loss:2.0853 train_time:588340ms step_avg:49.65ms
step:11900/20000 train_loss:2.0077 train_time:590772ms step_avg:49.64ms
step:11950/20000 train_loss:2.0343 train_time:593204ms step_avg:49.64ms
step:12000/20000 train_loss:2.0161 train_time:595634ms step_avg:49.64ms
step:12000/20000 val_loss:2.0433 val_bpb:1.2101 train_time:595659ms step_avg:49.64ms
step:12050/20000 train_loss:2.0340 train_time:598274ms step_avg:49.65ms
step:12085/20000 val_loss:2.0418 val_bpb:1.2093 train_time:600015ms step_avg:49.65ms
stopping_early: wallclock_cap train_time:600015ms step:12085/20000
peak memory allocated: 11389 MiB reserved: 11466 MiB
Serialized model: 74578915 bytes
Code size: 49058 bytes
Total submission size: 74627973 bytes
Serialized model int8+zlib: 15878655 bytes (payload:19030336 raw_torch:19080377 payload_ratio:3.92x)
Total submission size int8+zlib: 15927713 bytes
final_int8_zlib_roundtrip val_loss:2.0507 val_bpb:1.2145 eval_time:1579ms
final_int8_zlib_roundtrip_exact val_loss:2.05068481 val_bpb:1.21453105
