W0401 19:11:06.305000 256189 torch/distributed/run.py:803] 
W0401 19:11:06.305000 256189 torch/distributed/run.py:803] *****************************************
W0401 19:11:06.305000 256189 torch/distributed/run.py:803] Setting OMP_NUM_THREADS environment variable for each process to be 1 in default, to avoid your system being overloaded, please further tune the variable for optimal performance in your application as needed. 
W0401 19:11:06.305000 256189 torch/distributed/run.py:803] *****************************************
logs/executor_2026-03-21_11L_XSA4_EMA_PartialRoPE_LateQAT_1.1248_exact.txt
val_bpb:enabled tokenizer_kind=sentencepiece tokenizer_path=/inspire/hdd/global_user/wanjiaxin-253108030048/code/bag-of-tricks-transformers/parameter-golf/data/tokenizers/fineweb_1024_bpe.model
train_loader:dataset:fineweb10B_sp1024 train_shards:80
val_loader:shards pattern=/inspire/hdd/global_user/wanjiaxin-253108030048/code/bag-of-tricks-transformers/parameter-golf/data/datasets/fineweb10B_sp1024/fineweb_val_*.bin tokens:62021632
model_params:26829913
mtp_num_heads:0 mtp_loss_weight:0.2 mtp_params:0
world_size:8 grad_accum_steps:1
sdp_backends:cudnn=False flash=True mem_efficient=False math=False
attention_mode:gqa num_heads:8 num_kv_heads:4
tie_embeddings:True embed_lr:0.035 head_lr:0.0 matrix_lr:0.025 scalar_lr:0.025
train_batch_tokens:786432 train_seq_len:2048 iterations:9000 warmup_steps:20 max_wallclock_seconds:600.000
seed:2025
warmup_step:1/20
warmup_step:2/20
warmup_step:3/20
warmup_step:4/20
warmup_step:5/20
warmup_step:6/20
warmup_step:7/20
warmup_step:8/20
warmup_step:9/20
warmup_step:10/20
warmup_step:11/20
warmup_step:12/20
warmup_step:13/20
warmup_step:14/20
warmup_step:15/20
warmup_step:16/20
warmup_step:17/20
warmup_step:18/20
warmup_step:19/20
warmup_step:20/20
step:0/9000 val_loss:6.9277 val_bpb:4.1030 train_time:0ms step_avg:0.02ms
step:1/9000 train_loss:6.9287 train_time:151ms step_avg:150.51ms
step:2/9000 train_loss:8.6092 train_time:221ms step_avg:110.37ms
step:3/9000 train_loss:7.8135 train_time:304ms step_avg:101.26ms
step:4/9000 train_loss:7.2228 train_time:387ms step_avg:96.87ms
step:5/9000 train_loss:7.0216 train_time:471ms step_avg:94.16ms
step:6/9000 train_loss:6.9208 train_time:554ms step_avg:92.27ms
step:7/9000 train_loss:6.8573 train_time:637ms step_avg:91.05ms
step:8/9000 train_loss:6.7990 train_time:720ms step_avg:90.06ms
step:9/9000 train_loss:6.4479 train_time:804ms step_avg:89.28ms
step:10/9000 train_loss:6.1121 train_time:887ms step_avg:88.69ms
step:200/9000 train_loss:2.4448 train_time:17072ms step_avg:85.36ms
step:400/9000 train_loss:2.4406 train_time:34239ms step_avg:85.60ms
step:600/9000 train_loss:2.3511 train_time:51289ms step_avg:85.48ms
step:800/9000 train_loss:2.2449 train_time:68524ms step_avg:85.65ms
step:1000/9000 train_loss:2.2778 train_time:85638ms step_avg:85.64ms
step:1000/9000 val_loss:2.2307 val_bpb:1.3211 train_time:85657ms step_avg:85.66ms
step:1200/9000 train_loss:2.3509 train_time:102915ms step_avg:85.76ms
step:1400/9000 train_loss:2.1863 train_time:120106ms step_avg:85.79ms
step:1600/9000 train_loss:2.0708 train_time:137116ms step_avg:85.70ms
step:1800/9000 train_loss:2.1497 train_time:154359ms step_avg:85.76ms
step:2000/9000 train_loss:2.0610 train_time:171367ms step_avg:85.68ms
step:2000/9000 val_loss:2.1270 val_bpb:1.2597 train_time:171385ms step_avg:85.69ms
step:2200/9000 train_loss:2.1293 train_time:188542ms step_avg:85.70ms
step:2400/9000 train_loss:2.0583 train_time:205569ms step_avg:85.65ms
step:2600/9000 train_loss:2.1017 train_time:222751ms step_avg:85.67ms
step:2800/9000 train_loss:2.1498 train_time:239990ms step_avg:85.71ms
step:3000/9000 train_loss:2.1571 train_time:256983ms step_avg:85.66ms
step:3000/9000 val_loss:2.0869 val_bpb:1.2360 train_time:257000ms step_avg:85.67ms
step:3200/9000 train_loss:2.1666 train_time:274209ms step_avg:85.69ms
step:3400/9000 train_loss:2.0168 train_time:291217ms step_avg:85.65ms
step:3600/9000 train_loss:2.0963 train_time:308469ms step_avg:85.69ms
step:3800/9000 train_loss:2.0729 train_time:325426ms step_avg:85.64ms
step:4000/9000 train_loss:1.9790 train_time:342698ms step_avg:85.67ms
step:4000/9000 val_loss:2.0721 val_bpb:1.2272 train_time:342716ms step_avg:85.68ms
step:4200/9000 train_loss:2.1587 train_time:359879ms step_avg:85.69ms
step:4400/9000 train_loss:2.0336 train_time:376940ms step_avg:85.67ms
step:4600/9000 train_loss:1.8454 train_time:394131ms step_avg:85.68ms
step:4800/9000 train_loss:2.4310 train_time:411176ms step_avg:85.66ms
step:5000/9000 train_loss:2.1065 train_time:428374ms step_avg:85.67ms
step:5000/9000 val_loss:2.0277 val_bpb:1.2009 train_time:428392ms step_avg:85.68ms
step:5200/9000 train_loss:2.0442 train_time:445402ms step_avg:85.65ms
step:5400/9000 train_loss:2.0509 train_time:462527ms step_avg:85.65ms
step:5600/9000 train_loss:1.9585 train_time:479696ms step_avg:85.66ms
step:5800/9000 train_loss:2.0010 train_time:496715ms step_avg:85.64ms
step:6000/9000 train_loss:1.9422 train_time:513895ms step_avg:85.65ms
step:6000/9000 val_loss:1.9825 val_bpb:1.1741 train_time:513913ms step_avg:85.65ms
step:6200/9000 train_loss:1.9513 train_time:530887ms step_avg:85.63ms
step:6400/9000 train_loss:1.9986 train_time:548024ms step_avg:85.63ms
step:6600/9000 train_loss:1.8437 train_time:565000ms step_avg:85.61ms
late_qat:enabled step:6708 scale:0.0999
step:6800/9000 train_loss:2.0237 train_time:582253ms step_avg:85.63ms
step:7000/9000 train_loss:1.7913 train_time:599436ms step_avg:85.63ms
step:7000/9000 val_loss:1.9274 val_bpb:1.1415 train_time:599453ms step_avg:85.64ms
step:7007/9000 val_loss:1.9274 val_bpb:1.1415 train_time:600042ms step_avg:85.63ms
stopping_early: wallclock_cap train_time:600042ms step:7007/9000
peak memory allocated: 20601 MiB reserved: 20656 MiB
ema:applying EMA weights
Serialized model: 105783807 bytes
Code size: 67617 bytes
Serialized model int6+zstd: 15453526 bytes
Total submission size int6+zstd: 15521143 bytes
final_int6_roundtrip val_loss:1.9383 val_bpb:1.1480 eval_time:36777ms
final_int6_roundtrip_exact val_loss:1.93827425 val_bpb:1.14795519
final_int6_sliding_window val_loss:1.8986 val_bpb:1.1245 stride:64 eval_time:92704ms
final_int6_sliding_window_exact val_loss:1.89862234 val_bpb:1.12447407
