W0401 13:34:19.723000 523160 torch/distributed/run.py:774] 
W0401 13:34:19.723000 523160 torch/distributed/run.py:774] *****************************************
W0401 13:34:19.723000 523160 torch/distributed/run.py:774] Setting OMP_NUM_THREADS environment variable for each process to be 1 in default, to avoid your system being overloaded, please further tune the variable for optimal performance in your application as needed. 
W0401 13:34:19.723000 523160 torch/distributed/run.py:774] *****************************************
logs/executor_2026-03-18_LowerLR_exact.txt
val_bpb:enabled tokenizer_kind=sentencepiece tokenizer_path=/inspire/hdd/global_user/wanjiaxin-253108030048/code/bag-of-tricks-transformers/parameter-golf/data/tokenizers/fineweb_1024_bpe.model
train_loader:dataset:fineweb10B_sp1024 train_shards:80
val_loader:shards pattern=/inspire/hdd/global_user/wanjiaxin-253108030048/code/bag-of-tricks-transformers/parameter-golf/data/datasets/fineweb10B_sp1024/fineweb_val_*.bin tokens:62021632
model_params:17059912
world_size:8 grad_accum_steps:1
sdp_backends:cudnn=False flash=True mem_efficient=False math=False
attention_mode:gqa num_heads:8 num_kv_heads:4
tie_embeddings:True embed_lr:0.03 head_lr:0.0 matrix_lr:0.02 scalar_lr:0.02
train_batch_tokens:524288 train_seq_len:1024 iterations:20000 warmup_steps:20 max_wallclock_seconds:600.000
seed:1337
warmup_step:1/20
warmup_step:2/20
warmup_step:3/20
warmup_step:4/20
warmup_step:5/20
warmup_step:6/20
warmup_step:7/20
warmup_step:8/20
warmup_step:9/20
warmup_step:10/20
warmup_step:11/20
warmup_step:12/20
warmup_step:13/20
warmup_step:14/20
warmup_step:15/20
warmup_step:16/20
warmup_step:17/20
warmup_step:18/20
warmup_step:19/20
warmup_step:20/20
step:0/20000 val_loss:6.9357 val_bpb:4.1077 train_time:0ms step_avg:0.02ms
step:1/20000 train_loss:6.9370 train_time:24ms step_avg:23.90ms
step:2/20000 train_loss:12.1993 train_time:70ms step_avg:34.79ms
step:3/20000 train_loss:7.2916 train_time:114ms step_avg:37.85ms
step:4/20000 train_loss:6.4143 train_time:157ms step_avg:39.35ms
step:5/20000 train_loss:6.8468 train_time:202ms step_avg:40.36ms
step:6/20000 train_loss:7.4934 train_time:246ms step_avg:41.06ms
step:7/20000 train_loss:6.6757 train_time:291ms step_avg:41.51ms
step:8/20000 train_loss:6.4575 train_time:335ms step_avg:41.85ms
step:9/20000 train_loss:6.3287 train_time:379ms step_avg:42.14ms
step:10/20000 train_loss:6.1997 train_time:423ms step_avg:42.34ms
step:50/20000 train_loss:4.0712 train_time:2192ms step_avg:43.85ms
step:100/20000 train_loss:3.2841 train_time:4713ms step_avg:47.13ms
step:150/20000 train_loss:2.9437 train_time:6921ms step_avg:46.14ms
step:200/20000 train_loss:2.7648 train_time:9298ms step_avg:46.49ms
step:200/20000 val_loss:2.7422 val_bpb:1.6241 train_time:9325ms step_avg:46.62ms
step:250/20000 train_loss:2.6785 train_time:11505ms step_avg:46.02ms
step:300/20000 train_loss:2.4299 train_time:13710ms step_avg:45.70ms
step:350/20000 train_loss:2.6226 train_time:15917ms step_avg:45.48ms
step:400/20000 train_loss:2.3167 train_time:18315ms step_avg:45.79ms
step:400/20000 val_loss:2.5238 val_bpb:1.4947 train_time:18341ms step_avg:45.85ms
step:450/20000 train_loss:2.4594 train_time:20541ms step_avg:45.65ms
step:500/20000 train_loss:2.4666 train_time:22741ms step_avg:45.48ms
step:550/20000 train_loss:2.3733 train_time:24942ms step_avg:45.35ms
step:600/20000 train_loss:2.5222 train_time:27375ms step_avg:45.62ms
step:600/20000 val_loss:2.4266 val_bpb:1.4372 train_time:27401ms step_avg:45.67ms
step:650/20000 train_loss:2.3640 train_time:29578ms step_avg:45.50ms
step:700/20000 train_loss:2.4280 train_time:31778ms step_avg:45.40ms
step:750/20000 train_loss:2.2539 train_time:33978ms step_avg:45.30ms
step:800/20000 train_loss:2.2822 train_time:36376ms step_avg:45.47ms
step:800/20000 val_loss:2.3641 val_bpb:1.4001 train_time:36403ms step_avg:45.50ms
step:850/20000 train_loss:2.7091 train_time:38581ms step_avg:45.39ms
step:900/20000 train_loss:2.3228 train_time:40783ms step_avg:45.31ms
step:950/20000 train_loss:2.3834 train_time:42985ms step_avg:45.25ms
step:1000/20000 train_loss:2.3617 train_time:45487ms step_avg:45.49ms
step:1000/20000 val_loss:2.3205 val_bpb:1.3743 train_time:45514ms step_avg:45.51ms
step:1050/20000 train_loss:2.4723 train_time:47691ms step_avg:45.42ms
step:1100/20000 train_loss:2.2470 train_time:49892ms step_avg:45.36ms
step:1150/20000 train_loss:2.2379 train_time:52287ms step_avg:45.47ms
step:1200/20000 train_loss:2.3761 train_time:54487ms step_avg:45.41ms
step:1200/20000 val_loss:2.2907 val_bpb:1.3567 train_time:54514ms step_avg:45.43ms
step:1250/20000 train_loss:2.1967 train_time:56688ms step_avg:45.35ms
step:1300/20000 train_loss:2.3467 train_time:58890ms step_avg:45.30ms
step:1350/20000 train_loss:2.2634 train_time:61289ms step_avg:45.40ms
step:1400/20000 train_loss:2.4241 train_time:63488ms step_avg:45.35ms
step:1400/20000 val_loss:2.2701 val_bpb:1.3445 train_time:63514ms step_avg:45.37ms
step:1450/20000 train_loss:2.2281 train_time:65689ms step_avg:45.30ms
step:1500/20000 train_loss:2.2138 train_time:67888ms step_avg:45.26ms
step:1550/20000 train_loss:2.1485 train_time:70405ms step_avg:45.42ms
step:1600/20000 train_loss:2.0863 train_time:72607ms step_avg:45.38ms
step:1600/20000 val_loss:2.2570 val_bpb:1.3367 train_time:72633ms step_avg:45.40ms
step:1650/20000 train_loss:2.2212 train_time:74808ms step_avg:45.34ms
step:1700/20000 train_loss:2.1636 train_time:77012ms step_avg:45.30ms
step:1750/20000 train_loss:2.2444 train_time:79425ms step_avg:45.39ms
step:1800/20000 train_loss:2.1877 train_time:81629ms step_avg:45.35ms
step:1800/20000 val_loss:2.2410 val_bpb:1.3272 train_time:81655ms step_avg:45.36ms
step:1850/20000 train_loss:2.2952 train_time:83830ms step_avg:45.31ms
step:1900/20000 train_loss:2.1787 train_time:86029ms step_avg:45.28ms
step:1950/20000 train_loss:2.2027 train_time:88466ms step_avg:45.37ms
step:2000/20000 train_loss:2.2453 train_time:90666ms step_avg:45.33ms
step:2000/20000 val_loss:2.2269 val_bpb:1.3189 train_time:90692ms step_avg:45.35ms
step:2050/20000 train_loss:2.2434 train_time:92867ms step_avg:45.30ms
step:2100/20000 train_loss:2.2594 train_time:95279ms step_avg:45.37ms
step:2150/20000 train_loss:2.1784 train_time:97478ms step_avg:45.34ms
step:2200/20000 train_loss:2.0612 train_time:99679ms step_avg:45.31ms
step:2200/20000 val_loss:2.2180 val_bpb:1.3136 train_time:99706ms step_avg:45.32ms
step:2250/20000 train_loss:2.1532 train_time:101882ms step_avg:45.28ms
step:2300/20000 train_loss:2.3715 train_time:104318ms step_avg:45.36ms
step:2350/20000 train_loss:2.1915 train_time:106519ms step_avg:45.33ms
step:2400/20000 train_loss:2.1898 train_time:108720ms step_avg:45.30ms
step:2400/20000 val_loss:2.2081 val_bpb:1.3077 train_time:108746ms step_avg:45.31ms
step:2450/20000 train_loss:2.2007 train_time:110921ms step_avg:45.27ms
step:2500/20000 train_loss:2.1128 train_time:113273ms step_avg:45.31ms
step:2550/20000 train_loss:2.1282 train_time:115475ms step_avg:45.28ms
step:2600/20000 train_loss:2.4066 train_time:117676ms step_avg:45.26ms
step:2600/20000 val_loss:2.2085 val_bpb:1.3080 train_time:117702ms step_avg:45.27ms
step:2650/20000 train_loss:2.2356 train_time:119877ms step_avg:45.24ms
step:2700/20000 train_loss:2.1464 train_time:122322ms step_avg:45.30ms
step:2750/20000 train_loss:2.3530 train_time:124522ms step_avg:45.28ms
step:2800/20000 train_loss:2.2260 train_time:126726ms step_avg:45.26ms
step:2800/20000 val_loss:2.1942 val_bpb:1.2995 train_time:126753ms step_avg:45.27ms
step:2850/20000 train_loss:2.1791 train_time:128933ms step_avg:45.24ms
step:2900/20000 train_loss:2.1743 train_time:131321ms step_avg:45.28ms
step:2950/20000 train_loss:2.2317 train_time:133523ms step_avg:45.26ms
step:3000/20000 train_loss:2.2180 train_time:135723ms step_avg:45.24ms
step:3000/20000 val_loss:2.1868 val_bpb:1.2951 train_time:135749ms step_avg:45.25ms
step:3050/20000 train_loss:2.1613 train_time:137925ms step_avg:45.22ms
step:3100/20000 train_loss:2.2016 train_time:140479ms step_avg:45.32ms
step:3150/20000 train_loss:2.1560 train_time:142681ms step_avg:45.30ms
step:3200/20000 train_loss:2.1774 train_time:144880ms step_avg:45.28ms
step:3200/20000 val_loss:2.1819 val_bpb:1.2922 train_time:144906ms step_avg:45.28ms
step:3250/20000 train_loss:2.0812 train_time:147257ms step_avg:45.31ms
step:3300/20000 train_loss:2.2296 train_time:149460ms step_avg:45.29ms
step:3350/20000 train_loss:2.0884 train_time:151660ms step_avg:45.27ms
step:3400/20000 train_loss:2.1498 train_time:153859ms step_avg:45.25ms
step:3400/20000 val_loss:2.1790 val_bpb:1.2905 train_time:153885ms step_avg:45.26ms
step:3450/20000 train_loss:2.0967 train_time:156267ms step_avg:45.29ms
step:3500/20000 train_loss:2.2463 train_time:158468ms step_avg:45.28ms
step:3550/20000 train_loss:2.3788 train_time:160668ms step_avg:45.26ms
step:3600/20000 train_loss:2.1091 train_time:162868ms step_avg:45.24ms
step:3600/20000 val_loss:2.1714 val_bpb:1.2860 train_time:162894ms step_avg:45.25ms
step:3650/20000 train_loss:2.2083 train_time:165237ms step_avg:45.27ms
step:3700/20000 train_loss:2.1460 train_time:167441ms step_avg:45.25ms
step:3750/20000 train_loss:2.1397 train_time:169640ms step_avg:45.24ms
step:3800/20000 train_loss:2.2146 train_time:171843ms step_avg:45.22ms
step:3800/20000 val_loss:2.1674 val_bpb:1.2837 train_time:171870ms step_avg:45.23ms
step:3850/20000 train_loss:2.1694 train_time:174262ms step_avg:45.26ms
step:3900/20000 train_loss:1.9851 train_time:176466ms step_avg:45.25ms
step:3950/20000 train_loss:2.1202 train_time:178665ms step_avg:45.23ms
step:4000/20000 train_loss:2.1566 train_time:180865ms step_avg:45.22ms
step:4000/20000 val_loss:2.1632 val_bpb:1.2812 train_time:180892ms step_avg:45.22ms
step:4050/20000 train_loss:2.0947 train_time:183231ms step_avg:45.24ms
step:4100/20000 train_loss:2.1817 train_time:185433ms step_avg:45.23ms
step:4150/20000 train_loss:2.3209 train_time:187631ms step_avg:45.21ms
step:4200/20000 train_loss:2.1716 train_time:190146ms step_avg:45.27ms
step:4200/20000 val_loss:2.1595 val_bpb:1.2790 train_time:190172ms step_avg:45.28ms
step:4250/20000 train_loss:2.1225 train_time:192367ms step_avg:45.26ms
step:4300/20000 train_loss:2.0182 train_time:194568ms step_avg:45.25ms
step:4350/20000 train_loss:2.2065 train_time:196768ms step_avg:45.23ms
step:4400/20000 train_loss:2.1067 train_time:199232ms step_avg:45.28ms
step:4400/20000 val_loss:2.1597 val_bpb:1.2791 train_time:199258ms step_avg:45.29ms
step:4450/20000 train_loss:2.0612 train_time:201433ms step_avg:45.27ms
step:4500/20000 train_loss:2.2531 train_time:203637ms step_avg:45.25ms
step:4550/20000 train_loss:2.0474 train_time:205838ms step_avg:45.24ms
step:4600/20000 train_loss:1.9640 train_time:208320ms step_avg:45.29ms
step:4600/20000 val_loss:2.1557 val_bpb:1.2767 train_time:208346ms step_avg:45.29ms
step:4650/20000 train_loss:2.0689 train_time:210524ms step_avg:45.27ms
step:4700/20000 train_loss:2.2629 train_time:212725ms step_avg:45.26ms
step:4750/20000 train_loss:1.9716 train_time:214924ms step_avg:45.25ms
step:4800/20000 train_loss:2.2550 train_time:217299ms step_avg:45.27ms
step:4800/20000 val_loss:2.1515 val_bpb:1.2743 train_time:217325ms step_avg:45.28ms
step:4850/20000 train_loss:2.1484 train_time:219502ms step_avg:45.26ms
step:4900/20000 train_loss:2.1601 train_time:221703ms step_avg:45.25ms
step:4950/20000 train_loss:2.3372 train_time:223904ms step_avg:45.23ms
step:5000/20000 train_loss:2.0237 train_time:226360ms step_avg:45.27ms
step:5000/20000 val_loss:2.1468 val_bpb:1.2715 train_time:226386ms step_avg:45.28ms
step:5050/20000 train_loss:2.1963 train_time:228566ms step_avg:45.26ms
step:5100/20000 train_loss:2.0201 train_time:230770ms step_avg:45.25ms
step:5150/20000 train_loss:2.2712 train_time:233188ms step_avg:45.28ms
step:5200/20000 train_loss:2.1654 train_time:235388ms step_avg:45.27ms
step:5200/20000 val_loss:2.1471 val_bpb:1.2716 train_time:235414ms step_avg:45.27ms
step:5250/20000 train_loss:2.1160 train_time:237589ms step_avg:45.26ms
step:5300/20000 train_loss:2.2038 train_time:239791ms step_avg:45.24ms
step:5350/20000 train_loss:2.1328 train_time:242197ms step_avg:45.27ms
step:5400/20000 train_loss:2.1782 train_time:244396ms step_avg:45.26ms
step:5400/20000 val_loss:2.1423 val_bpb:1.2688 train_time:244423ms step_avg:45.26ms
step:5450/20000 train_loss:2.1928 train_time:246597ms step_avg:45.25ms
step:5500/20000 train_loss:2.1340 train_time:248797ms step_avg:45.24ms
step:5550/20000 train_loss:2.0977 train_time:251232ms step_avg:45.27ms
step:5600/20000 train_loss:2.1782 train_time:253434ms step_avg:45.26ms
step:5600/20000 val_loss:2.1422 val_bpb:1.2687 train_time:253460ms step_avg:45.26ms
step:5650/20000 train_loss:2.0485 train_time:255635ms step_avg:45.25ms
step:5700/20000 train_loss:2.1680 train_time:257839ms step_avg:45.23ms
step:5750/20000 train_loss:2.2108 train_time:260247ms step_avg:45.26ms
step:5800/20000 train_loss:2.1410 train_time:262449ms step_avg:45.25ms
step:5800/20000 val_loss:2.1397 val_bpb:1.2672 train_time:262475ms step_avg:45.25ms
step:5850/20000 train_loss:2.1749 train_time:264650ms step_avg:45.24ms
step:5900/20000 train_loss:2.0887 train_time:266850ms step_avg:45.23ms
step:5950/20000 train_loss:2.1294 train_time:269228ms step_avg:45.25ms
step:6000/20000 train_loss:2.2087 train_time:271427ms step_avg:45.24ms
step:6000/20000 val_loss:2.1370 val_bpb:1.2656 train_time:271454ms step_avg:45.24ms
step:6050/20000 train_loss:2.1182 train_time:273627ms step_avg:45.23ms
step:6100/20000 train_loss:2.1153 train_time:275829ms step_avg:45.22ms
step:6150/20000 train_loss:2.0938 train_time:278225ms step_avg:45.24ms
step:6200/20000 train_loss:2.0809 train_time:280426ms step_avg:45.23ms
step:6200/20000 val_loss:2.1354 val_bpb:1.2647 train_time:280452ms step_avg:45.23ms
step:6250/20000 train_loss:2.1503 train_time:282627ms step_avg:45.22ms
step:6300/20000 train_loss:2.0247 train_time:285057ms step_avg:45.25ms
step:6350/20000 train_loss:2.0177 train_time:287258ms step_avg:45.24ms
step:6400/20000 train_loss:2.1563 train_time:289460ms step_avg:45.23ms
step:6400/20000 val_loss:2.1327 val_bpb:1.2631 train_time:289486ms step_avg:45.23ms
step:6450/20000 train_loss:2.0693 train_time:291662ms step_avg:45.22ms
step:6500/20000 train_loss:2.0729 train_time:294400ms step_avg:45.29ms
step:6550/20000 train_loss:2.2056 train_time:296628ms step_avg:45.29ms
step:6600/20000 train_loss:2.1166 train_time:298849ms step_avg:45.28ms
step:6600/20000 val_loss:2.1298 val_bpb:1.2614 train_time:298876ms step_avg:45.28ms
step:6650/20000 train_loss:2.2868 train_time:301051ms step_avg:45.27ms
step:6700/20000 train_loss:2.1504 train_time:303513ms step_avg:45.30ms
step:6750/20000 train_loss:2.3218 train_time:305715ms step_avg:45.29ms
step:6800/20000 train_loss:2.1869 train_time:307916ms step_avg:45.28ms
step:6800/20000 val_loss:2.1285 val_bpb:1.2606 train_time:307943ms step_avg:45.29ms
step:6850/20000 train_loss:2.0199 train_time:310117ms step_avg:45.27ms
step:6900/20000 train_loss:2.0919 train_time:312477ms step_avg:45.29ms
step:6950/20000 train_loss:2.1740 train_time:314678ms step_avg:45.28ms
step:7000/20000 train_loss:2.2194 train_time:316878ms step_avg:45.27ms
step:7000/20000 val_loss:2.1266 val_bpb:1.2595 train_time:316904ms step_avg:45.27ms
step:7050/20000 train_loss:2.2441 train_time:319079ms step_avg:45.26ms
step:7100/20000 train_loss:2.0619 train_time:321501ms step_avg:45.28ms
step:7150/20000 train_loss:2.1446 train_time:323703ms step_avg:45.27ms
step:7200/20000 train_loss:2.1926 train_time:325905ms step_avg:45.26ms
step:7200/20000 val_loss:2.1252 val_bpb:1.2587 train_time:325930ms step_avg:45.27ms
step:7250/20000 train_loss:2.0970 train_time:328369ms step_avg:45.29ms
step:7300/20000 train_loss:2.0809 train_time:330568ms step_avg:45.28ms
step:7350/20000 train_loss:2.1773 train_time:332770ms step_avg:45.27ms
step:7400/20000 train_loss:2.1162 train_time:334972ms step_avg:45.27ms
step:7400/20000 val_loss:2.1234 val_bpb:1.2576 train_time:334998ms step_avg:45.27ms
step:7450/20000 train_loss:2.1056 train_time:337431ms step_avg:45.29ms
step:7500/20000 train_loss:2.1043 train_time:339634ms step_avg:45.28ms
step:7550/20000 train_loss:2.1652 train_time:341834ms step_avg:45.28ms
step:7600/20000 train_loss:1.9926 train_time:344034ms step_avg:45.27ms
step:7600/20000 val_loss:2.1216 val_bpb:1.2565 train_time:344060ms step_avg:45.27ms
step:7650/20000 train_loss:2.2814 train_time:346452ms step_avg:45.29ms
step:7700/20000 train_loss:2.0818 train_time:348651ms step_avg:45.28ms
step:7750/20000 train_loss:2.1059 train_time:350852ms step_avg:45.27ms
step:7800/20000 train_loss:2.1404 train_time:353053ms step_avg:45.26ms
step:7800/20000 val_loss:2.1193 val_bpb:1.2552 train_time:353079ms step_avg:45.27ms
step:7850/20000 train_loss:1.9945 train_time:355535ms step_avg:45.29ms
step:7900/20000 train_loss:2.1244 train_time:357735ms step_avg:45.28ms
step:7950/20000 train_loss:2.0907 train_time:359935ms step_avg:45.27ms
step:8000/20000 train_loss:2.1146 train_time:362137ms step_avg:45.27ms
step:8000/20000 val_loss:2.1173 val_bpb:1.2540 train_time:362164ms step_avg:45.27ms
step:8050/20000 train_loss:2.0740 train_time:364541ms step_avg:45.28ms
step:8100/20000 train_loss:2.1416 train_time:366742ms step_avg:45.28ms
step:8150/20000 train_loss:2.2481 train_time:368941ms step_avg:45.27ms
step:8200/20000 train_loss:2.1828 train_time:371142ms step_avg:45.26ms
step:8200/20000 val_loss:2.1160 val_bpb:1.2532 train_time:371169ms step_avg:45.26ms
step:8250/20000 train_loss:2.1418 train_time:373535ms step_avg:45.28ms
step:8300/20000 train_loss:2.1189 train_time:375736ms step_avg:45.27ms
step:8350/20000 train_loss:2.2232 train_time:377939ms step_avg:45.26ms
step:8400/20000 train_loss:2.1326 train_time:380448ms step_avg:45.29ms
step:8400/20000 val_loss:2.1154 val_bpb:1.2529 train_time:380475ms step_avg:45.29ms
step:8450/20000 train_loss:2.2213 train_time:382651ms step_avg:45.28ms
step:8500/20000 train_loss:2.1191 train_time:384853ms step_avg:45.28ms
step:8550/20000 train_loss:2.1869 train_time:387054ms step_avg:45.27ms
step:8600/20000 train_loss:2.1333 train_time:389521ms step_avg:45.29ms
step:8600/20000 val_loss:2.1126 val_bpb:1.2512 train_time:389548ms step_avg:45.30ms
step:8650/20000 train_loss:2.0967 train_time:391724ms step_avg:45.29ms
step:8700/20000 train_loss:2.0280 train_time:393925ms step_avg:45.28ms
step:8750/20000 train_loss:2.1855 train_time:396127ms step_avg:45.27ms
step:8800/20000 train_loss:2.0945 train_time:398506ms step_avg:45.28ms
step:8800/20000 val_loss:2.1122 val_bpb:1.2510 train_time:398532ms step_avg:45.29ms
step:8850/20000 train_loss:2.3038 train_time:400708ms step_avg:45.28ms
step:8900/20000 train_loss:2.1940 train_time:402908ms step_avg:45.27ms
step:8950/20000 train_loss:2.1559 train_time:405106ms step_avg:45.26ms
step:9000/20000 train_loss:2.0195 train_time:407563ms step_avg:45.28ms
step:9000/20000 val_loss:2.1120 val_bpb:1.2508 train_time:407589ms step_avg:45.29ms
step:9050/20000 train_loss:2.0576 train_time:409764ms step_avg:45.28ms
step:9100/20000 train_loss:2.3008 train_time:411965ms step_avg:45.27ms
step:9150/20000 train_loss:1.9901 train_time:414164ms step_avg:45.26ms
step:9200/20000 train_loss:2.0810 train_time:416537ms step_avg:45.28ms
step:9200/20000 val_loss:2.1104 val_bpb:1.2499 train_time:416563ms step_avg:45.28ms
step:9250/20000 train_loss:2.1925 train_time:418744ms step_avg:45.27ms
step:9300/20000 train_loss:2.1259 train_time:420943ms step_avg:45.26ms
step:9350/20000 train_loss:2.2225 train_time:423401ms step_avg:45.28ms
step:9400/20000 train_loss:2.1275 train_time:425601ms step_avg:45.28ms
step:9400/20000 val_loss:2.1083 val_bpb:1.2487 train_time:425627ms step_avg:45.28ms
step:9450/20000 train_loss:2.1544 train_time:427802ms step_avg:45.27ms
step:9500/20000 train_loss:2.2529 train_time:430002ms step_avg:45.26ms
step:9550/20000 train_loss:2.1925 train_time:432408ms step_avg:45.28ms
step:9600/20000 train_loss:2.1402 train_time:434609ms step_avg:45.27ms
step:9600/20000 val_loss:2.1074 val_bpb:1.2481 train_time:434635ms step_avg:45.27ms
step:9650/20000 train_loss:2.0854 train_time:436811ms step_avg:45.27ms
step:9700/20000 train_loss:2.1030 train_time:439014ms step_avg:45.26ms
step:9750/20000 train_loss:2.0568 train_time:441403ms step_avg:45.27ms
step:9800/20000 train_loss:2.0675 train_time:443603ms step_avg:45.27ms
step:9800/20000 val_loss:2.1090 val_bpb:1.2491 train_time:443629ms step_avg:45.27ms
step:9850/20000 train_loss:2.0240 train_time:445804ms step_avg:45.26ms
step:9900/20000 train_loss:2.1444 train_time:448007ms step_avg:45.25ms
step:9950/20000 train_loss:2.0167 train_time:450430ms step_avg:45.27ms
step:10000/20000 train_loss:2.1087 train_time:452634ms step_avg:45.26ms
step:10000/20000 val_loss:2.1074 val_bpb:1.2481 train_time:452660ms step_avg:45.27ms
step:10050/20000 train_loss:2.1002 train_time:454835ms step_avg:45.26ms
step:10100/20000 train_loss:2.0924 train_time:457035ms step_avg:45.25ms
step:10150/20000 train_loss:2.0599 train_time:459456ms step_avg:45.27ms
step:10200/20000 train_loss:2.0610 train_time:461660ms step_avg:45.26ms
step:10200/20000 val_loss:2.1038 val_bpb:1.2460 train_time:461686ms step_avg:45.26ms
step:10250/20000 train_loss:2.0649 train_time:463864ms step_avg:45.26ms
step:10300/20000 train_loss:2.1857 train_time:466261ms step_avg:45.27ms
step:10350/20000 train_loss:2.1225 train_time:468464ms step_avg:45.26ms
step:10400/20000 train_loss:2.0926 train_time:470666ms step_avg:45.26ms
step:10400/20000 val_loss:2.1035 val_bpb:1.2458 train_time:470692ms step_avg:45.26ms
step:10450/20000 train_loss:2.0830 train_time:472869ms step_avg:45.25ms
step:10500/20000 train_loss:1.9772 train_time:475222ms step_avg:45.26ms
step:10550/20000 train_loss:2.0095 train_time:477421ms step_avg:45.25ms
step:10600/20000 train_loss:1.9743 train_time:479621ms step_avg:45.25ms
step:10600/20000 val_loss:2.1041 val_bpb:1.2462 train_time:479647ms step_avg:45.25ms
step:10650/20000 train_loss:2.1874 train_time:481822ms step_avg:45.24ms
step:10700/20000 train_loss:2.0676 train_time:484188ms step_avg:45.25ms
step:10750/20000 train_loss:2.1310 train_time:486388ms step_avg:45.25ms
step:10800/20000 train_loss:2.1849 train_time:488588ms step_avg:45.24ms
step:10800/20000 val_loss:2.1018 val_bpb:1.2448 train_time:488614ms step_avg:45.24ms
step:10850/20000 train_loss:2.1344 train_time:490788ms step_avg:45.23ms
step:10900/20000 train_loss:2.1467 train_time:493185ms step_avg:45.25ms
step:10950/20000 train_loss:2.1085 train_time:495385ms step_avg:45.24ms
step:11000/20000 train_loss:2.1085 train_time:497591ms step_avg:45.24ms
step:11000/20000 val_loss:2.1005 val_bpb:1.2440 train_time:497617ms step_avg:45.24ms
step:11050/20000 train_loss:2.0659 train_time:499793ms step_avg:45.23ms
step:11100/20000 train_loss:2.0546 train_time:502508ms step_avg:45.27ms
step:11150/20000 train_loss:2.1570 train_time:504710ms step_avg:45.27ms
step:11200/20000 train_loss:2.0625 train_time:506912ms step_avg:45.26ms
step:11200/20000 val_loss:2.0997 val_bpb:1.2436 train_time:506938ms step_avg:45.26ms
step:11250/20000 train_loss:1.9534 train_time:509113ms step_avg:45.25ms
step:11300/20000 train_loss:1.9927 train_time:511493ms step_avg:45.26ms
step:11350/20000 train_loss:1.9757 train_time:513697ms step_avg:45.26ms
step:11400/20000 train_loss:2.0472 train_time:515895ms step_avg:45.25ms
step:11400/20000 val_loss:2.1001 val_bpb:1.2438 train_time:515921ms step_avg:45.26ms
step:11450/20000 train_loss:2.0405 train_time:518259ms step_avg:45.26ms
step:11500/20000 train_loss:2.1040 train_time:520462ms step_avg:45.26ms
step:11550/20000 train_loss:2.1050 train_time:522663ms step_avg:45.25ms
step:11600/20000 train_loss:2.0590 train_time:524862ms step_avg:45.25ms
step:11600/20000 val_loss:2.0982 val_bpb:1.2427 train_time:524888ms step_avg:45.25ms
step:11650/20000 train_loss:2.1760 train_time:527345ms step_avg:45.27ms
step:11700/20000 train_loss:2.2047 train_time:529545ms step_avg:45.26ms
step:11750/20000 train_loss:2.1157 train_time:531745ms step_avg:45.25ms
step:11800/20000 train_loss:2.0895 train_time:533945ms step_avg:45.25ms
step:11800/20000 val_loss:2.0967 val_bpb:1.2418 train_time:533971ms step_avg:45.25ms
step:11850/20000 train_loss:2.1315 train_time:536346ms step_avg:45.26ms
step:11900/20000 train_loss:2.0485 train_time:538549ms step_avg:45.26ms
step:11950/20000 train_loss:2.0771 train_time:540754ms step_avg:45.25ms
step:12000/20000 train_loss:2.0687 train_time:542958ms step_avg:45.25ms
step:12000/20000 val_loss:2.0955 val_bpb:1.2411 train_time:542984ms step_avg:45.25ms
step:12050/20000 train_loss:2.0880 train_time:545389ms step_avg:45.26ms
step:12100/20000 train_loss:2.1029 train_time:547590ms step_avg:45.26ms
step:12150/20000 train_loss:2.2573 train_time:549789ms step_avg:45.25ms
step:12200/20000 train_loss:2.2078 train_time:551989ms step_avg:45.24ms
step:12200/20000 val_loss:2.0918 val_bpb:1.2389 train_time:552015ms step_avg:45.25ms
step:12250/20000 train_loss:1.9066 train_time:554396ms step_avg:45.26ms
step:12300/20000 train_loss:2.0946 train_time:556600ms step_avg:45.25ms
step:12350/20000 train_loss:2.1605 train_time:558802ms step_avg:45.25ms
step:12400/20000 train_loss:1.8495 train_time:561233ms step_avg:45.26ms
step:12400/20000 val_loss:2.0855 val_bpb:1.2352 train_time:561260ms step_avg:45.26ms
step:12450/20000 train_loss:2.0118 train_time:563447ms step_avg:45.26ms
step:12500/20000 train_loss:2.3480 train_time:565649ms step_avg:45.25ms
step:12550/20000 train_loss:2.1211 train_time:567854ms step_avg:45.25ms
step:12600/20000 train_loss:2.0717 train_time:570258ms step_avg:45.26ms
step:12600/20000 val_loss:2.0786 val_bpb:1.2310 train_time:570284ms step_avg:45.26ms
step:12650/20000 train_loss:2.0340 train_time:572459ms step_avg:45.25ms
step:12700/20000 train_loss:2.0689 train_time:574662ms step_avg:45.25ms
step:12750/20000 train_loss:2.0755 train_time:576865ms step_avg:45.24ms
step:12800/20000 train_loss:2.0852 train_time:579312ms step_avg:45.26ms
step:12800/20000 val_loss:2.0709 val_bpb:1.2265 train_time:579338ms step_avg:45.26ms
step:12850/20000 train_loss:1.9868 train_time:581515ms step_avg:45.25ms
step:12900/20000 train_loss:2.1116 train_time:583717ms step_avg:45.25ms
step:12950/20000 train_loss:1.9927 train_time:585915ms step_avg:45.24ms
step:13000/20000 train_loss:2.1576 train_time:588310ms step_avg:45.25ms
step:13000/20000 val_loss:2.0641 val_bpb:1.2225 train_time:588336ms step_avg:45.26ms
step:13050/20000 train_loss:2.0935 train_time:590513ms step_avg:45.25ms
step:13100/20000 train_loss:1.9865 train_time:592712ms step_avg:45.25ms
step:13150/20000 train_loss:2.0508 train_time:594915ms step_avg:45.24ms
step:13200/20000 train_loss:2.1675 train_time:597316ms step_avg:45.25ms
step:13200/20000 val_loss:2.0577 val_bpb:1.2187 train_time:597342ms step_avg:45.25ms
step:13250/20000 train_loss:2.2603 train_time:599521ms step_avg:45.25ms
step:13261/20000 val_loss:2.0569 val_bpb:1.2182 train_time:600032ms step_avg:45.25ms
stopping_early: wallclock_cap train_time:600032ms step:13261/20000
peak memory allocated: 10246 MiB reserved: 10310 MiB
Serialized model: 67224983 bytes
Code size: 47642 bytes
Total submission size: 67272625 bytes
Serialized model int8+zlib: 15825017 bytes (payload:17178912 raw_torch:17224025 payload_ratio:3.91x)
Total submission size int8+zlib: 15872659 bytes
final_int8_zlib_roundtrip val_loss:2.0624 val_bpb:1.2215 eval_time:1414ms
final_int8_zlib_roundtrip_exact val_loss:2.06237068 val_bpb:1.22145208
