W0401 17:30:38.523000 2821039 torch/distributed/run.py:774] 
W0401 17:30:38.523000 2821039 torch/distributed/run.py:774] *****************************************
W0401 17:30:38.523000 2821039 torch/distributed/run.py:774] Setting OMP_NUM_THREADS environment variable for each process to be 1 in default, to avoid your system being overloaded, please further tune the variable for optimal performance in your application as needed. 
W0401 17:30:38.523000 2821039 torch/distributed/run.py:774] *****************************************
logs/executor_2026-03-19_MLP3x_QAT_Int6_SlidingWindow_exact.txt
val_bpb:enabled tokenizer_kind=sentencepiece tokenizer_path=/inspire/hdd/global_user/wanjiaxin-253108030048/code/bag-of-tricks-transformers/parameter-golf/data/tokenizers/fineweb_1024_bpe.model
train_loader:dataset:fineweb10B_sp1024 train_shards:80
val_loader:shards pattern=/inspire/hdd/global_user/wanjiaxin-253108030048/code/bag-of-tricks-transformers/parameter-golf/data/datasets/fineweb10B_sp1024/fineweb_val_*.bin tokens:62021632
model_params:26501720
world_size:8 grad_accum_steps:1
sdp_backends:cudnn=False flash=True mem_efficient=False math=False
attention_mode:gqa num_heads:8 num_kv_heads:4
tie_embeddings:True embed_lr:0.035 head_lr:0.0 matrix_lr:0.025 scalar_lr:0.025
train_batch_tokens:524288 train_seq_len:1024 iterations:20000 warmup_steps:20 max_wallclock_seconds:600.000
seed:1337
warmup_step:1/20
warmup_step:2/20
warmup_step:3/20
warmup_step:4/20
warmup_step:5/20
warmup_step:6/20
warmup_step:7/20
warmup_step:8/20
warmup_step:9/20
warmup_step:10/20
warmup_step:11/20
warmup_step:12/20
warmup_step:13/20
warmup_step:14/20
warmup_step:15/20
warmup_step:16/20
warmup_step:17/20
warmup_step:18/20
warmup_step:19/20
warmup_step:20/20
step:0/20000 val_loss:6.9357 val_bpb:4.1077 train_time:0ms step_avg:0.02ms
step:1/20000 train_loss:6.9361 train_time:48ms step_avg:48.08ms
step:2/20000 train_loss:13.4171 train_time:100ms step_avg:50.23ms
step:3/20000 train_loss:7.6692 train_time:160ms step_avg:53.47ms
step:4/20000 train_loss:6.6167 train_time:220ms step_avg:55.05ms
step:5/20000 train_loss:7.0118 train_time:280ms step_avg:56.04ms
step:6/20000 train_loss:7.7854 train_time:340ms step_avg:56.69ms
step:7/20000 train_loss:6.8020 train_time:400ms step_avg:57.16ms
step:8/20000 train_loss:6.5564 train_time:460ms step_avg:57.51ms
step:9/20000 train_loss:6.3372 train_time:521ms step_avg:57.91ms
step:10/20000 train_loss:6.2210 train_time:581ms step_avg:58.13ms
step:200/20000 train_loss:2.7769 train_time:12150ms step_avg:60.75ms
step:400/20000 train_loss:2.2916 train_time:24311ms step_avg:60.78ms
step:600/20000 train_loss:2.5018 train_time:36485ms step_avg:60.81ms
step:800/20000 train_loss:2.2606 train_time:48676ms step_avg:60.84ms
step:1000/20000 train_loss:2.3552 train_time:60812ms step_avg:60.81ms
step:1000/20000 val_loss:2.3137 val_bpb:1.3703 train_time:60833ms step_avg:60.83ms
step:1200/20000 train_loss:2.3758 train_time:72966ms step_avg:60.81ms
step:1400/20000 train_loss:2.4334 train_time:85155ms step_avg:60.82ms
step:1600/20000 train_loss:2.1028 train_time:97376ms step_avg:60.86ms
step:1800/20000 train_loss:2.1907 train_time:109477ms step_avg:60.82ms
step:2000/20000 train_loss:2.2392 train_time:121618ms step_avg:60.81ms
step:2000/20000 val_loss:2.2194 val_bpb:1.3145 train_time:121639ms step_avg:60.82ms
step:2200/20000 train_loss:2.0567 train_time:133738ms step_avg:60.79ms
step:2400/20000 train_loss:2.1826 train_time:145964ms step_avg:60.82ms
step:2600/20000 train_loss:2.4024 train_time:158079ms step_avg:60.80ms
step:2800/20000 train_loss:2.2205 train_time:170305ms step_avg:60.82ms
step:3000/20000 train_loss:2.2113 train_time:182452ms step_avg:60.82ms
step:3000/20000 val_loss:2.1785 val_bpb:1.2902 train_time:182473ms step_avg:60.82ms
step:3200/20000 train_loss:2.1745 train_time:194608ms step_avg:60.82ms
step:3400/20000 train_loss:2.1513 train_time:206746ms step_avg:60.81ms
step:3600/20000 train_loss:2.1048 train_time:218931ms step_avg:60.81ms
step:3800/20000 train_loss:2.2087 train_time:231067ms step_avg:60.81ms
step:4000/20000 train_loss:2.1551 train_time:243276ms step_avg:60.82ms
step:4000/20000 val_loss:2.1617 val_bpb:1.2803 train_time:243298ms step_avg:60.82ms
step:4200/20000 train_loss:2.1694 train_time:255723ms step_avg:60.89ms
step:4400/20000 train_loss:2.1108 train_time:267913ms step_avg:60.89ms
step:4600/20000 train_loss:1.9653 train_time:280088ms step_avg:60.89ms
step:4800/20000 train_loss:2.2617 train_time:292217ms step_avg:60.88ms
step:5000/20000 train_loss:2.0258 train_time:304390ms step_avg:60.88ms
step:5000/20000 val_loss:2.1520 val_bpb:1.2745 train_time:304412ms step_avg:60.88ms
step:5200/20000 train_loss:2.1735 train_time:316529ms step_avg:60.87ms
step:5400/20000 train_loss:2.1861 train_time:328700ms step_avg:60.87ms
step:5600/20000 train_loss:2.1891 train_time:340838ms step_avg:60.86ms
step:5800/20000 train_loss:2.1459 train_time:353046ms step_avg:60.87ms
step:6000/20000 train_loss:2.2239 train_time:365215ms step_avg:60.87ms
step:6000/20000 val_loss:2.1484 val_bpb:1.2724 train_time:365237ms step_avg:60.87ms
step:6200/20000 train_loss:2.0969 train_time:377337ms step_avg:60.86ms
step:6400/20000 train_loss:2.1698 train_time:389488ms step_avg:60.86ms
step:6600/20000 train_loss:2.1328 train_time:401680ms step_avg:60.86ms
step:6800/20000 train_loss:2.1984 train_time:413884ms step_avg:60.87ms
step:7000/20000 train_loss:2.2291 train_time:426042ms step_avg:60.86ms
step:7000/20000 val_loss:2.1354 val_bpb:1.2647 train_time:426063ms step_avg:60.87ms
step:7200/20000 train_loss:2.1971 train_time:438147ms step_avg:60.85ms
step:7400/20000 train_loss:2.1135 train_time:450298ms step_avg:60.85ms
step:7600/20000 train_loss:1.9791 train_time:462423ms step_avg:60.85ms
step:7800/20000 train_loss:2.1256 train_time:474570ms step_avg:60.84ms
step:8000/20000 train_loss:2.0884 train_time:486664ms step_avg:60.83ms
step:8000/20000 val_loss:2.0915 val_bpb:1.2387 train_time:486685ms step_avg:60.84ms
step:8200/20000 train_loss:2.1483 train_time:498790ms step_avg:60.83ms
step:8400/20000 train_loss:2.0878 train_time:511145ms step_avg:60.85ms
step:8600/20000 train_loss:2.0823 train_time:523357ms step_avg:60.86ms
step:8800/20000 train_loss:2.0337 train_time:535501ms step_avg:60.85ms
step:9000/20000 train_loss:1.9457 train_time:547620ms step_avg:60.85ms
step:9000/20000 val_loss:2.0406 val_bpb:1.2086 train_time:547641ms step_avg:60.85ms
step:9200/20000 train_loss:2.0034 train_time:559829ms step_avg:60.85ms
step:9400/20000 train_loss:2.0253 train_time:571990ms step_avg:60.85ms
step:9600/20000 train_loss:2.0349 train_time:584114ms step_avg:60.85ms
step:9800/20000 train_loss:1.9458 train_time:596272ms step_avg:60.84ms
step:9863/20000 val_loss:1.9890 val_bpb:1.1780 train_time:600054ms step_avg:60.84ms
stopping_early: wallclock_cap train_time:600054ms step:9863/20000
peak memory allocated: 13614 MiB reserved: 13892 MiB
Serialized model: 104999543 bytes
Code size: 60663 bytes
Total submission size: 105060206 bytes
Serialized model int8+zstd22: 15368592 bytes (payload:27180384 raw_torch:27235099 payload_ratio:3.86x)
Total submission size int8+zstd22: 15429255 bytes
final_int8_zlib_roundtrip val_loss:2.0008 val_bpb:1.1850 eval_time:1893ms
final_int8_zlib_roundtrip_exact val_loss:2.00081442 val_bpb:1.18499500
final_sliding_window val_loss:1.9430 val_bpb:1.1508 stride:64 seq_len:1024 ntk_alpha:0.0 eval_time:114856ms
final_sliding_window_exact val_loss:1.94302974 val_bpb:1.15077266
