W0401 18:10:13.254000 3459050 torch/distributed/run.py:774] 
W0401 18:10:13.254000 3459050 torch/distributed/run.py:774] *****************************************
W0401 18:10:13.254000 3459050 torch/distributed/run.py:774] Setting OMP_NUM_THREADS environment variable for each process to be 1 in default, to avoid your system being overloaded, please further tune the variable for optimal performance in your application as needed. 
W0401 18:10:13.254000 3459050 torch/distributed/run.py:774] *****************************************
logs/executor_2026-03-20_Int6_MLP3x_SmearGate_BigramHash_MuonWD_SWA_exact.txt
val_bpb:enabled tokenizer_kind=sentencepiece tokenizer_path=/inspire/hdd/global_user/wanjiaxin-253108030048/code/bag-of-tricks-transformers/parameter-golf/data/tokenizers/fineweb_1024_bpe.model
train_loader:dataset:fineweb10B_sp1024 train_shards:80
val_loader:shards pattern=/inspire/hdd/global_user/wanjiaxin-253108030048/code/bag-of-tricks-transformers/parameter-golf/data/datasets/fineweb10B_sp1024/fineweb_val_*.bin tokens:62021632
model_params:22368841
world_size:8 grad_accum_steps:1
attention_mode:gqa num_heads:8 num_kv_heads:4
tie_embeddings:True embed_lr:0.03 matrix_lr:0.02 scalar_lr:0.02
train_batch_tokens:786432 train_seq_len:2048 iterations:20000 warmup_steps:20 max_wallclock_seconds:600.000
seed:1337
warmup_step:1/20
warmup_step:2/20
warmup_step:3/20
warmup_step:4/20
warmup_step:5/20
warmup_step:6/20
warmup_step:7/20
warmup_step:8/20
warmup_step:9/20
warmup_step:10/20
warmup_step:11/20
warmup_step:12/20
warmup_step:13/20
warmup_step:14/20
warmup_step:15/20
warmup_step:16/20
warmup_step:17/20
warmup_step:18/20
warmup_step:19/20
warmup_step:20/20
step:0/20000 val_loss:6.9341 val_bpb:4.1068 train_time:0ms step_avg:0.02ms
step:1/20000 train_loss:6.9348 train_time:146ms step_avg:146.27ms
step:2/20000 train_loss:8.1566 train_time:196ms step_avg:97.78ms
step:3/20000 train_loss:7.7062 train_time:276ms step_avg:92.01ms
step:4/20000 train_loss:6.9839 train_time:357ms step_avg:89.25ms
step:5/20000 train_loss:6.7601 train_time:438ms step_avg:87.61ms
step:6/20000 train_loss:6.5918 train_time:519ms step_avg:86.52ms
step:7/20000 train_loss:6.4896 train_time:600ms step_avg:85.65ms
step:8/20000 train_loss:6.4679 train_time:680ms step_avg:85.01ms
step:9/20000 train_loss:6.3303 train_time:760ms step_avg:84.50ms
step:10/20000 train_loss:6.0730 train_time:841ms step_avg:84.13ms
step:100/20000 train_loss:3.1963 train_time:8164ms step_avg:81.64ms
step:200/20000 train_loss:2.4059 train_time:16501ms step_avg:82.50ms
step:300/20000 train_loss:2.5663 train_time:24822ms step_avg:82.74ms
step:400/20000 train_loss:2.4336 train_time:33137ms step_avg:82.84ms
step:500/20000 train_loss:2.4167 train_time:41300ms step_avg:82.60ms
step:500/20000 val_loss:2.3764 val_bpb:1.4075 train_time:41333ms step_avg:82.67ms
step:600/20000 train_loss:2.3474 train_time:49643ms step_avg:82.74ms
step:700/20000 train_loss:2.3649 train_time:57994ms step_avg:82.85ms
step:800/20000 train_loss:2.2542 train_time:66324ms step_avg:82.90ms
step:900/20000 train_loss:2.1484 train_time:74653ms step_avg:82.95ms
step:1000/20000 train_loss:2.2912 train_time:82815ms step_avg:82.82ms
step:1000/20000 val_loss:2.2455 val_bpb:1.3299 train_time:82849ms step_avg:82.85ms
step:1100/20000 train_loss:2.3424 train_time:91210ms step_avg:82.92ms
step:1200/20000 train_loss:2.3715 train_time:99599ms step_avg:83.00ms
step:1300/20000 train_loss:2.1175 train_time:107936ms step_avg:83.03ms
step:1400/20000 train_loss:2.1984 train_time:116300ms step_avg:83.07ms
step:1500/20000 train_loss:2.2365 train_time:124456ms step_avg:82.97ms
step:1500/20000 val_loss:2.1992 val_bpb:1.3025 train_time:124490ms step_avg:82.99ms
step:1600/20000 train_loss:2.0934 train_time:132781ms step_avg:82.99ms
step:1700/20000 train_loss:2.1589 train_time:141121ms step_avg:83.01ms
step:1800/20000 train_loss:2.1743 train_time:149509ms step_avg:83.06ms
step:1900/20000 train_loss:2.1417 train_time:157657ms step_avg:82.98ms
step:2000/20000 train_loss:2.0816 train_time:166001ms step_avg:83.00ms
step:2000/20000 val_loss:2.1465 val_bpb:1.2713 train_time:166035ms step_avg:83.02ms
step:2100/20000 train_loss:2.0637 train_time:174361ms step_avg:83.03ms
step:2200/20000 train_loss:2.1555 train_time:182833ms step_avg:83.11ms
step:2300/20000 train_loss:2.1236 train_time:191210ms step_avg:83.13ms
step:2400/20000 train_loss:2.0779 train_time:199359ms step_avg:83.07ms
step:2500/20000 train_loss:2.1803 train_time:207673ms step_avg:83.07ms
step:2500/20000 val_loss:2.1183 val_bpb:1.2546 train_time:207708ms step_avg:83.08ms
step:2600/20000 train_loss:2.1243 train_time:216020ms step_avg:83.08ms
step:2700/20000 train_loss:2.1157 train_time:224335ms step_avg:83.09ms
step:2800/20000 train_loss:2.1671 train_time:232680ms step_avg:83.10ms
step:2900/20000 train_loss:2.0371 train_time:240820ms step_avg:83.04ms
step:3000/20000 train_loss:2.1720 train_time:249184ms step_avg:83.06ms
step:3000/20000 val_loss:2.1033 val_bpb:1.2457 train_time:249219ms step_avg:83.07ms
step:3100/20000 train_loss:2.0475 train_time:257507ms step_avg:83.07ms
step:3200/20000 train_loss:2.1827 train_time:265805ms step_avg:83.06ms
step:3300/20000 train_loss:2.0842 train_time:273953ms step_avg:83.02ms
step:3400/20000 train_loss:2.0333 train_time:282296ms step_avg:83.03ms
step:3500/20000 train_loss:2.1930 train_time:290635ms step_avg:83.04ms
step:3500/20000 val_loss:2.0941 val_bpb:1.2403 train_time:290669ms step_avg:83.05ms
step:3600/20000 train_loss:2.1084 train_time:298971ms step_avg:83.05ms
step:3700/20000 train_loss:2.1087 train_time:307352ms step_avg:83.07ms
step:3800/20000 train_loss:2.0894 train_time:315502ms step_avg:83.03ms
step:3900/20000 train_loss:2.0949 train_time:323802ms step_avg:83.03ms
step:4000/20000 train_loss:1.9968 train_time:332137ms step_avg:83.03ms
step:4000/20000 val_loss:2.0884 val_bpb:1.2369 train_time:332171ms step_avg:83.04ms
step:4100/20000 train_loss:2.0417 train_time:340488ms step_avg:83.05ms
step:4200/20000 train_loss:2.1792 train_time:348804ms step_avg:83.05ms
step:4300/20000 train_loss:2.0882 train_time:356941ms step_avg:83.01ms
step:4400/20000 train_loss:2.0649 train_time:365290ms step_avg:83.02ms
step:4500/20000 train_loss:2.1521 train_time:373605ms step_avg:83.02ms
step:4500/20000 val_loss:2.0729 val_bpb:1.2277 train_time:373639ms step_avg:83.03ms
step:4600/20000 train_loss:1.8658 train_time:381918ms step_avg:83.03ms
step:4700/20000 train_loss:2.2635 train_time:390067ms step_avg:82.99ms
step:4800/20000 train_loss:2.4548 train_time:398438ms step_avg:83.01ms
step:4900/20000 train_loss:2.0781 train_time:406757ms step_avg:83.01ms
step:5000/20000 train_loss:2.1325 train_time:415085ms step_avg:83.02ms
step:5000/20000 val_loss:2.0541 val_bpb:1.2166 train_time:415119ms step_avg:83.02ms
step:5100/20000 train_loss:2.1563 train_time:423416ms step_avg:83.02ms
step:5200/20000 train_loss:2.0719 train_time:431553ms step_avg:82.99ms
step:5300/20000 train_loss:2.0397 train_time:439828ms step_avg:82.99ms
step:5400/20000 train_loss:2.0784 train_time:448148ms step_avg:82.99ms
step:5500/20000 train_loss:2.0525 train_time:456451ms step_avg:82.99ms
step:5500/20000 val_loss:2.0351 val_bpb:1.2053 train_time:456485ms step_avg:83.00ms
step:5600/20000 train_loss:1.9892 train_time:464837ms step_avg:83.01ms
step:5700/20000 train_loss:2.0491 train_time:472988ms step_avg:82.98ms
swa:start step:5750
step:5800/20000 train_loss:2.0365 train_time:481413ms step_avg:83.00ms
step:5900/20000 train_loss:1.9444 train_time:489847ms step_avg:83.02ms
step:6000/20000 train_loss:1.9744 train_time:498253ms step_avg:83.04ms
step:6000/20000 val_loss:2.0165 val_bpb:1.1943 train_time:498329ms step_avg:83.05ms
step:6100/20000 train_loss:1.9517 train_time:506482ms step_avg:83.03ms
step:6200/20000 train_loss:1.9866 train_time:514869ms step_avg:83.04ms
step:6300/20000 train_loss:1.9854 train_time:523244ms step_avg:83.05ms
step:6400/20000 train_loss:2.0366 train_time:531640ms step_avg:83.07ms
step:6500/20000 train_loss:2.1186 train_time:539993ms step_avg:83.08ms
step:6500/20000 val_loss:1.9926 val_bpb:1.1801 train_time:540052ms step_avg:83.08ms
step:6600/20000 train_loss:1.8831 train_time:548209ms step_avg:83.06ms
step:6700/20000 train_loss:1.9810 train_time:556650ms step_avg:83.08ms
step:6800/20000 train_loss:2.0662 train_time:565054ms step_avg:83.10ms
step:6900/20000 train_loss:1.8666 train_time:573491ms step_avg:83.11ms
step:7000/20000 train_loss:1.8316 train_time:581818ms step_avg:83.12ms
step:7000/20000 val_loss:1.9700 val_bpb:1.1667 train_time:581878ms step_avg:83.13ms
step:7100/20000 train_loss:1.9679 train_time:590037ms step_avg:83.10ms
step:7200/20000 train_loss:1.9216 train_time:598470ms step_avg:83.12ms
step:7219/20000 val_loss:1.9627 val_bpb:1.1624 train_time:600096ms step_avg:83.13ms
stopping_early: wallclock_cap train_time:600096ms step:7219/20000
peak memory allocated: 17061 MiB reserved: 17172 MiB
swa:applying averaged 30 checkpoints
Serialized model: 87413467 bytes
Code size: 52243 bytes
Total submission size: 87465710 bytes
Serialized model int6+zstd: 15847601 bytes
Total submission size int8+zlib: 15899844 bytes
final_eval_mode:sliding_window stride:64 batch_seqs:32
  sliding_eval [  0.0%] 32/121136 windows running_bpb=1.214857
  sliding_eval [  1.3%] 1632/121136 windows running_bpb=1.142090
  sliding_eval [  2.7%] 3232/121136 windows running_bpb=1.143517
  sliding_eval [  4.0%] 4832/121136 windows running_bpb=1.136762
  sliding_eval [  5.3%] 6432/121136 windows running_bpb=1.148672
  sliding_eval [  6.6%] 8032/121136 windows running_bpb=1.149801
  sliding_eval [  8.0%] 9632/121136 windows running_bpb=1.151234
  sliding_eval [  9.3%] 11232/121136 windows running_bpb=1.146696
  sliding_eval [ 10.6%] 12832/121136 windows running_bpb=1.144194
  sliding_eval [ 11.9%] 14432/121136 windows running_bpb=1.145626
  sliding_eval [ 13.2%] 16032/121136 windows running_bpb=1.154259
  sliding_eval [ 14.6%] 17632/121136 windows running_bpb=1.152479
  sliding_eval [ 15.9%] 19232/121136 windows running_bpb=1.153834
  sliding_eval [ 17.2%] 20832/121136 windows running_bpb=1.152135
  sliding_eval [ 18.5%] 22432/121136 windows running_bpb=1.150696
  sliding_eval [ 19.8%] 24032/121136 windows running_bpb=1.151057
  sliding_eval [ 21.2%] 25632/121136 windows running_bpb=1.152462
  sliding_eval [ 22.5%] 27232/121136 windows running_bpb=1.152999
  sliding_eval [ 23.8%] 28832/121136 windows running_bpb=1.159177
  sliding_eval [ 25.1%] 30432/121136 windows running_bpb=1.156590
  sliding_eval [ 26.4%] 32032/121136 windows running_bpb=1.157490
  sliding_eval [ 27.8%] 33632/121136 windows running_bpb=1.156170
  sliding_eval [ 29.1%] 35232/121136 windows running_bpb=1.155497
  sliding_eval [ 30.4%] 36832/121136 windows running_bpb=1.155094
  sliding_eval [ 31.7%] 38432/121136 windows running_bpb=1.155758
  sliding_eval [ 33.0%] 40032/121136 windows running_bpb=1.153402
  sliding_eval [ 34.4%] 41632/121136 windows running_bpb=1.152468
  sliding_eval [ 35.7%] 43232/121136 windows running_bpb=1.152866
  sliding_eval [ 37.0%] 44832/121136 windows running_bpb=1.151632
  sliding_eval [ 38.3%] 46432/121136 windows running_bpb=1.151494
  sliding_eval [ 39.7%] 48032/121136 windows running_bpb=1.150654
  sliding_eval [ 41.0%] 49632/121136 windows running_bpb=1.151898
  sliding_eval [ 42.3%] 51232/121136 windows running_bpb=1.152960
  sliding_eval [ 43.6%] 52832/121136 windows running_bpb=1.153482
  sliding_eval [ 44.9%] 54432/121136 windows running_bpb=1.152954
  sliding_eval [ 46.3%] 56032/121136 windows running_bpb=1.153347
  sliding_eval [ 47.6%] 57632/121136 windows running_bpb=1.152446
  sliding_eval [ 48.9%] 59232/121136 windows running_bpb=1.148525
  sliding_eval [ 50.2%] 60832/121136 windows running_bpb=1.148646
  sliding_eval [ 51.5%] 62432/121136 windows running_bpb=1.149576
  sliding_eval [ 52.9%] 64032/121136 windows running_bpb=1.149738
  sliding_eval [ 54.2%] 65632/121136 windows running_bpb=1.149597
  sliding_eval [ 55.5%] 67232/121136 windows running_bpb=1.148390
  sliding_eval [ 56.8%] 68832/121136 windows running_bpb=1.148141
  sliding_eval [ 58.1%] 70432/121136 windows running_bpb=1.147462
  sliding_eval [ 59.5%] 72032/121136 windows running_bpb=1.147524
  sliding_eval [ 60.8%] 73632/121136 windows running_bpb=1.147482
  sliding_eval [ 62.1%] 75232/121136 windows running_bpb=1.147673
  sliding_eval [ 63.4%] 76832/121136 windows running_bpb=1.147395
  sliding_eval [ 64.7%] 78432/121136 windows running_bpb=1.148004
  sliding_eval [ 66.1%] 80032/121136 windows running_bpb=1.148331
  sliding_eval [ 67.4%] 81632/121136 windows running_bpb=1.148038
  sliding_eval [ 68.7%] 83232/121136 windows running_bpb=1.149076
  sliding_eval [ 70.0%] 84832/121136 windows running_bpb=1.150959
  sliding_eval [ 71.4%] 86432/121136 windows running_bpb=1.150257
  sliding_eval [ 72.7%] 88032/121136 windows running_bpb=1.150986
  sliding_eval [ 74.0%] 89632/121136 windows running_bpb=1.151340
  sliding_eval [ 75.3%] 91232/121136 windows running_bpb=1.151298
  sliding_eval [ 76.6%] 92832/121136 windows running_bpb=1.150880
  sliding_eval [ 78.0%] 94432/121136 windows running_bpb=1.151102
  sliding_eval [ 79.3%] 96032/121136 windows running_bpb=1.150482
  sliding_eval [ 80.6%] 97632/121136 windows running_bpb=1.153276
  sliding_eval [ 81.9%] 99232/121136 windows running_bpb=1.153260
  sliding_eval [ 83.2%] 100832/121136 windows running_bpb=1.153313
  sliding_eval [ 84.6%] 102432/121136 windows running_bpb=1.152921
  sliding_eval [ 85.9%] 104032/121136 windows running_bpb=1.152444
  sliding_eval [ 87.2%] 105632/121136 windows running_bpb=1.151684
  sliding_eval [ 88.5%] 107232/121136 windows running_bpb=1.151672
  sliding_eval [ 89.8%] 108832/121136 windows running_bpb=1.152313
  sliding_eval [ 91.2%] 110432/121136 windows running_bpb=1.152351
  sliding_eval [ 92.5%] 112032/121136 windows running_bpb=1.152333
  sliding_eval [ 93.8%] 113632/121136 windows running_bpb=1.152758
  sliding_eval [ 95.1%] 115232/121136 windows running_bpb=1.152534
  sliding_eval [ 96.4%] 116832/121136 windows running_bpb=1.152165
  sliding_eval [ 97.8%] 118432/121136 windows running_bpb=1.152480
  sliding_eval [ 99.1%] 120032/121136 windows running_bpb=1.152574
final_int8_zlib_roundtrip val_loss:1.9357 val_bpb:1.1465 eval_time:197396ms
final_int8_zlib_roundtrip_exact val_loss:1.93572784 val_bpb:1.14645010
