W0401 18:42:11.989000 3973043 torch/distributed/run.py:803] 
W0401 18:42:11.989000 3973043 torch/distributed/run.py:803] *****************************************
W0401 18:42:11.989000 3973043 torch/distributed/run.py:803] Setting OMP_NUM_THREADS environment variable for each process to be 1 in default, to avoid your system being overloaded, please further tune the variable for optimal performance in your application as needed. 
W0401 18:42:11.989000 3973043 torch/distributed/run.py:803] *****************************************
logs/executor_2026-03-20_11L_EfficientPartialXSA_FA3_SWA120_exact.txt
val_bpb:enabled tokenizer_kind=sentencepiece tokenizer_path=/inspire/hdd/global_user/wanjiaxin-253108030048/code/bag-of-tricks-transformers/parameter-golf/data/tokenizers/fineweb_1024_bpe.model
train_loader:dataset:fineweb10B_sp1024 train_shards:80
val_loader:shards pattern=/inspire/hdd/global_user/wanjiaxin-253108030048/code/bag-of-tricks-transformers/parameter-golf/data/datasets/fineweb10B_sp1024/fineweb_val_*.bin tokens:62021632
model_params:26829913
mtp_num_heads:0 mtp_loss_weight:0.2 mtp_params:0
XSA:last_3 active_layers:[8, 9, 10]
world_size:8 grad_accum_steps:1
sdp_backends:cudnn=False flash=True mem_efficient=False math=False
attention_mode:gqa num_heads:8 num_kv_heads:4
tie_embeddings:True embed_lr:0.035 head_lr:0.0 matrix_lr:0.025 scalar_lr:0.025
train_batch_tokens:786432 train_seq_len:2048 iterations:9000 warmup_steps:30 max_wallclock_seconds:600.000
seed:1337
warmup_step:10/30
warmup_step:20/30
warmup_step:30/30
step:0/9000 val_loss:6.9303 val_bpb:4.1045 train_time:0ms step_avg:0.02ms
step:1/9000 train_loss:6.9326 train_time:296ms step_avg:295.56ms
step:2/9000 train_loss:8.5996 train_time:361ms step_avg:180.28ms
step:3/9000 train_loss:8.0475 train_time:442ms step_avg:147.21ms
step:4/9000 train_loss:7.1443 train_time:523ms step_avg:130.70ms
step:5/9000 train_loss:7.0643 train_time:604ms step_avg:120.74ms
step:6/9000 train_loss:7.0272 train_time:685ms step_avg:114.13ms
step:7/9000 train_loss:6.9135 train_time:766ms step_avg:109.37ms
step:8/9000 train_loss:6.8367 train_time:847ms step_avg:105.88ms
step:9/9000 train_loss:6.4798 train_time:928ms step_avg:103.10ms
step:10/9000 train_loss:6.1260 train_time:1009ms step_avg:100.91ms
step:200/9000 train_loss:2.4077 train_time:16947ms step_avg:84.74ms
step:400/9000 train_loss:2.4191 train_time:33845ms step_avg:84.61ms
step:600/9000 train_loss:2.3283 train_time:50542ms step_avg:84.24ms
step:800/9000 train_loss:2.2320 train_time:67465ms step_avg:84.33ms
step:1000/9000 train_loss:2.2687 train_time:84178ms step_avg:84.18ms
step:1200/9000 train_loss:2.3474 train_time:101078ms step_avg:84.23ms
step:1400/9000 train_loss:2.1826 train_time:117923ms step_avg:84.23ms
step:1600/9000 train_loss:2.0729 train_time:134712ms step_avg:84.20ms
step:1800/9000 train_loss:2.1585 train_time:151584ms step_avg:84.21ms
step:2000/9000 train_loss:2.0643 train_time:168289ms step_avg:84.14ms
step:2000/9000 val_loss:2.1282 val_bpb:1.2604 train_time:168308ms step_avg:84.15ms
step:2200/9000 train_loss:2.1358 train_time:185116ms step_avg:84.14ms
step:2400/9000 train_loss:2.0576 train_time:201788ms step_avg:84.08ms
step:2600/9000 train_loss:2.1098 train_time:218693ms step_avg:84.11ms
step:2800/9000 train_loss:2.1499 train_time:235621ms step_avg:84.15ms
step:3000/9000 train_loss:2.1598 train_time:252287ms step_avg:84.10ms
step:3200/9000 train_loss:2.1743 train_time:269178ms step_avg:84.12ms
step:3400/9000 train_loss:2.0179 train_time:285918ms step_avg:84.09ms
step:3600/9000 train_loss:2.0975 train_time:302829ms step_avg:84.12ms
step:3800/9000 train_loss:2.0808 train_time:319501ms step_avg:84.08ms
step:4000/9000 train_loss:1.9849 train_time:336336ms step_avg:84.08ms
step:4000/9000 val_loss:2.0758 val_bpb:1.2294 train_time:336354ms step_avg:84.09ms
step:4200/9000 train_loss:2.1675 train_time:353129ms step_avg:84.08ms
step:4400/9000 train_loss:2.0463 train_time:369817ms step_avg:84.05ms
step:4600/9000 train_loss:1.8573 train_time:386696ms step_avg:84.06ms
step:4800/9000 train_loss:2.4407 train_time:403367ms step_avg:84.03ms
step:5000/9000 train_loss:2.1168 train_time:420251ms step_avg:84.05ms
step:5200/9000 train_loss:2.0547 train_time:436896ms step_avg:84.02ms
step:5400/9000 train_loss:2.0596 train_time:453849ms step_avg:84.05ms
step:5600/9000 train_loss:1.9641 train_time:470723ms step_avg:84.06ms
swa:start step:5640
step:5800/9000 train_loss:2.0109 train_time:487701ms step_avg:84.09ms
step:6000/9000 train_loss:1.9500 train_time:504534ms step_avg:84.09ms
step:6000/9000 val_loss:1.9932 val_bpb:1.1805 train_time:504606ms step_avg:84.10ms
step:6200/9000 train_loss:1.9612 train_time:521302ms step_avg:84.08ms
step:6400/9000 train_loss:2.0099 train_time:538275ms step_avg:84.11ms
step:6600/9000 train_loss:1.8573 train_time:554968ms step_avg:84.09ms
step:6800/9000 train_loss:2.0314 train_time:571932ms step_avg:84.11ms
step:7000/9000 train_loss:1.7969 train_time:588866ms step_avg:84.12ms
step:7132/9000 val_loss:1.9310 val_bpb:1.1436 train_time:600073ms step_avg:84.14ms
stopping_early: wallclock_cap train_time:600073ms step:7132/9000
peak memory allocated: 20303 MiB reserved: 20330 MiB
swa:applying averaged 13 checkpoints
Serialized model: 105783807 bytes
Code size: 66055 bytes
Serialized model int6+zstd: 15914001 bytes
Total submission size int6+zstd: 15980056 bytes
final_int6_roundtrip val_loss:1.9475 val_bpb:1.1534 eval_time:33400ms
final_int6_roundtrip_exact val_loss:1.94751263 val_bpb:1.15342668
final_int6_sliding_window val_loss:1.9100 val_bpb:1.1312 stride:64 eval_time:89403ms
final_int6_sliding_window_exact val_loss:1.90999615 val_bpb:1.13121030
